# Logfile created on 2015-11-29 13:26:34 +0100 by logger.rb/47272
D, [2015-11-29T14:24:15.809458 #43708] DEBUG -- : DRAGONFLY: shell command: '/usr/local/bin/convert' '/Users/cedriclor/code/CedricLor/CAFRFC/Wagon/public/images/saint_petersburgh_ermitage.jpg' '-resize' '800x>' '/var/folders/2b/34sqn8dj6_j2bwzf371n7kfm0000gn/T/dragonfly20151129-43708-qxrpxd.jpg'
I, [2015-11-29T14:24:16.221763 #43708]  INFO -- : DRAGONFLY: GET /steam/dynamic/W1siZmYiLCIvVXNlcnMvY2VkcmljbG9yL2NvZGUvQ2VkcmljTG9yL0NBRlJGQy9XYWdvbi9wdWJsaWMvaW1hZ2VzL3NhaW50X3BldGVyc2J1cmdoX2VybWl0YWdlLmpwZyJdLFsicCIsInRodW1iIiwiODAweFx1MDAzZSJdXQ/c049a0853160e995/saint_petersburgh_ermitage.jpg 200
D, [2015-11-29T14:27:23.577183 #43708] DEBUG -- : DRAGONFLY: shell command: '/usr/local/bin/convert' '/Users/cedriclor/code/CedricLor/CAFRFC/Wagon/public/images/china_bridge.jpg' '-resize' '800x>' '/var/folders/2b/34sqn8dj6_j2bwzf371n7kfm0000gn/T/dragonfly20151129-43708-84j96j.jpg'
I, [2015-11-29T14:27:24.105703 #43708]  INFO -- : DRAGONFLY: GET /steam/dynamic/W1siZmYiLCIvVXNlcnMvY2VkcmljbG9yL2NvZGUvQ2VkcmljTG9yL0NBRlJGQy9XYWdvbi9wdWJsaWMvaW1hZ2VzL2NoaW5hX2JyaWRnZS5qcGciXSxbInAiLCJ0aHVtYiIsIjgwMHhcdTAwM2UiXV0/3b314afef911cb2b/china_bridge.jpg 200
D, [2015-11-29T14:27:26.756366 #43708] DEBUG -- : DRAGONFLY: shell command: '/usr/local/bin/convert' '/Users/cedriclor/code/CedricLor/CAFRFC/Wagon/public/samples/placeholders/640x480.png' '-resize' '400x200^^' '-gravity' 'Center' '-crop' '400x200+0+0' '+repage' '/var/folders/2b/34sqn8dj6_j2bwzf371n7kfm0000gn/T/dragonfly20151129-43708-bj3jwh.png'
D, [2015-11-29T14:27:26.811245 #43708] DEBUG -- : DRAGONFLY: shell command: '/usr/local/bin/convert' '/Users/cedriclor/code/CedricLor/CAFRFC/Wagon/public/samples/placeholders/1024x768.png' '-resize' '400x200^^' '-gravity' 'Center' '-crop' '400x200+0+0' '+repage' '/var/folders/2b/34sqn8dj6_j2bwzf371n7kfm0000gn/T/dragonfly20151129-43708-2ubrl5.png'
D, [2015-11-29T14:27:26.828073 #43708] DEBUG -- : DRAGONFLY: shell command: '/usr/local/bin/convert' '/Users/cedriclor/code/CedricLor/CAFRFC/Wagon/public/samples/placeholders/724x456.jpeg' '-resize' '400x200^^' '-gravity' 'Center' '-crop' '400x200+0+0' '+repage' '/var/folders/2b/34sqn8dj6_j2bwzf371n7kfm0000gn/T/dragonfly20151129-43708-jg0107.jpeg'
D, [2015-11-29T14:27:26.858745 #43708] DEBUG -- : DRAGONFLY: shell command: '/usr/local/bin/convert' '/Users/cedriclor/code/CedricLor/CAFRFC/Wagon/public/samples/placeholders/724x456.jpg' '-resize' '400x200^^' '-gravity' 'Center' '-crop' '400x200+0+0' '+repage' '/var/folders/2b/34sqn8dj6_j2bwzf371n7kfm0000gn/T/dragonfly20151129-43708-45d6hi.jpg'
D, [2015-11-29T14:27:26.868155 #43708] DEBUG -- : DRAGONFLY: shell command: '/usr/local/bin/convert' '/Users/cedriclor/code/CedricLor/CAFRFC/Wagon/public/samples/placeholders/800x600.jpg' '-resize' '400x200^^' '-gravity' 'Center' '-crop' '400x200+0+0' '+repage' '/var/folders/2b/34sqn8dj6_j2bwzf371n7kfm0000gn/T/dragonfly20151129-43708-g8r065.jpg'
D, [2015-11-29T14:27:26.892014 #43708] DEBUG -- : DRAGONFLY: shell command: '/usr/local/bin/convert' '/Users/cedriclor/code/CedricLor/CAFRFC/Wagon/public/samples/placeholders/1024x768.jpeg' '-resize' '400x200^^' '-gravity' 'Center' '-crop' '400x200+0+0' '+repage' '/var/folders/2b/34sqn8dj6_j2bwzf371n7kfm0000gn/T/dragonfly20151129-43708-1sv958p.jpeg'
I, [2015-11-29T14:27:26.933887 #43708]  INFO -- : DRAGONFLY: GET /steam/dynamic/W1siZmYiLCIvVXNlcnMvY2VkcmljbG9yL2NvZGUvQ2VkcmljTG9yL0NBRlJGQy9XYWdvbi9wdWJsaWMvc2FtcGxlcy9wbGFjZWhvbGRlcnMvNjQweDQ4MC5wbmciXSxbInAiLCJ0aHVtYiIsIjQwMHgyMDAjIl1d/e17b4e800657556c/640x480.png 200
D, [2015-11-29T14:27:26.954458 #43708] DEBUG -- : DRAGONFLY: shell command: '/usr/local/bin/convert' '/Users/cedriclor/code/CedricLor/CAFRFC/Wagon/public/samples/placeholders/1280x960.jpeg' '-resize' '400x200^^' '-gravity' 'Center' '-crop' '400x200+0+0' '+repage' '/var/folders/2b/34sqn8dj6_j2bwzf371n7kfm0000gn/T/dragonfly20151129-43708-35ood0.jpeg'
I, [2015-11-29T14:27:27.082263 #43708]  INFO -- : DRAGONFLY: GET /steam/dynamic/W1siZmYiLCIvVXNlcnMvY2VkcmljbG9yL2NvZGUvQ2VkcmljTG9yL0NBRlJGQy9XYWdvbi9wdWJsaWMvc2FtcGxlcy9wbGFjZWhvbGRlcnMvNzI0eDQ1Ni5qcGVnIl0sWyJwIiwidGh1bWIiLCI0MDB4MjAwIyJdXQ/e3bf329904cd32be/724x456.jpeg 200
I, [2015-11-29T14:27:27.104656 #43708]  INFO -- : DRAGONFLY: GET /steam/dynamic/W1siZmYiLCIvVXNlcnMvY2VkcmljbG9yL2NvZGUvQ2VkcmljTG9yL0NBRlJGQy9XYWdvbi9wdWJsaWMvc2FtcGxlcy9wbGFjZWhvbGRlcnMvMTAyNHg3NjgucG5nIl0sWyJwIiwidGh1bWIiLCI0MDB4MjAwIyJdXQ/b2881a6bc72a13da/1024x768.png 200
D, [2015-11-29T14:27:27.120673 #43708] DEBUG -- : DRAGONFLY: shell command: '/usr/local/bin/convert' '/Users/cedriclor/code/CedricLor/CAFRFC/Wagon/public/samples/placeholders/1536x1180.jpg' '-resize' '400x200^^' '-gravity' 'Center' '-crop' '400x200+0+0' '+repage' '/var/folders/2b/34sqn8dj6_j2bwzf371n7kfm0000gn/T/dragonfly20151129-43708-qubzet.jpg'
D, [2015-11-29T14:27:27.137516 #43708] DEBUG -- : DRAGONFLY: shell command: '/usr/local/bin/convert' '/Users/cedriclor/code/CedricLor/CAFRFC/Wagon/public/samples/placeholders/800x450.jpg' '-resize' '400x200^^' '-gravity' 'Center' '-crop' '400x200+0+0' '+repage' '/var/folders/2b/34sqn8dj6_j2bwzf371n7kfm0000gn/T/dragonfly20151129-43708-1qn3r3r.jpg'
I, [2015-11-29T14:27:27.234859 #43708]  INFO -- : DRAGONFLY: GET /steam/dynamic/W1siZmYiLCIvVXNlcnMvY2VkcmljbG9yL2NvZGUvQ2VkcmljTG9yL0NBRlJGQy9XYWdvbi9wdWJsaWMvc2FtcGxlcy9wbGFjZWhvbGRlcnMvNzI0eDQ1Ni5qcGciXSxbInAiLCJ0aHVtYiIsIjQwMHgyMDAjIl1d/855da91793e94864/724x456.jpg 200
I, [2015-11-29T14:27:27.257097 #43708]  INFO -- : DRAGONFLY: GET /steam/dynamic/W1siZmYiLCIvVXNlcnMvY2VkcmljbG9yL2NvZGUvQ2VkcmljTG9yL0NBRlJGQy9XYWdvbi9wdWJsaWMvc2FtcGxlcy9wbGFjZWhvbGRlcnMvODAweDYwMC5qcGciXSxbInAiLCJ0aHVtYiIsIjQwMHgyMDAjIl1d/289af73f466e91ea/800x600.jpg 200
D, [2015-11-29T14:27:27.257600 #43708] DEBUG -- : DRAGONFLY: shell command: '/usr/local/bin/convert' '/Users/cedriclor/code/CedricLor/CAFRFC/Wagon/public/samples/placeholders/800x450.gif' '-resize' '400x200^^' '-gravity' 'Center' '-crop' '400x200+0+0' '+repage' '/var/folders/2b/34sqn8dj6_j2bwzf371n7kfm0000gn/T/dragonfly20151129-43708-1flt6xo.gif'
D, [2015-11-29T14:27:27.276237 #43708] DEBUG -- : DRAGONFLY: shell command: '/usr/local/bin/convert' '/Users/cedriclor/code/CedricLor/CAFRFC/Wagon/public/samples/placeholders/800x600.png' '-resize' '400x200^^' '-gravity' 'Center' '-crop' '400x200+0+0' '+repage' '/var/folders/2b/34sqn8dj6_j2bwzf371n7kfm0000gn/T/dragonfly20151129-43708-5pquzj.png'
I, [2015-11-29T14:27:27.377021 #43708]  INFO -- : DRAGONFLY: GET /steam/dynamic/W1siZmYiLCIvVXNlcnMvY2VkcmljbG9yL2NvZGUvQ2VkcmljTG9yL0NBRlJGQy9XYWdvbi9wdWJsaWMvc2FtcGxlcy9wbGFjZWhvbGRlcnMvODAweDQ1MC5qcGciXSxbInAiLCJ0aHVtYiIsIjQwMHgyMDAjIl1d/3183d44c47540279/800x450.jpg 200
D, [2015-11-29T14:27:27.388347 #43708] DEBUG -- : DRAGONFLY: shell command: '/usr/local/bin/convert' '/Users/cedriclor/code/CedricLor/CAFRFC/Wagon/public/samples/placeholders/724x456.png' '-resize' '400x200^^' '-gravity' 'Center' '-crop' '400x200+0+0' '+repage' '/var/folders/2b/34sqn8dj6_j2bwzf371n7kfm0000gn/T/dragonfly20151129-43708-mmze.png'
I, [2015-11-29T14:27:27.463902 #43708]  INFO -- : DRAGONFLY: GET /steam/dynamic/W1siZmYiLCIvVXNlcnMvY2VkcmljbG9yL2NvZGUvQ2VkcmljTG9yL0NBRlJGQy9XYWdvbi9wdWJsaWMvc2FtcGxlcy9wbGFjZWhvbGRlcnMvODAweDQ1MC5naWYiXSxbInAiLCJ0aHVtYiIsIjQwMHgyMDAjIl1d/1afaa7bab5b8e0f0/800x450.gif 200
D, [2015-11-29T14:27:27.475045 #43708] DEBUG -- : DRAGONFLY: shell command: '/usr/local/bin/convert' '/Users/cedriclor/code/CedricLor/CAFRFC/Wagon/public/samples/placeholders/450x338.png' '-resize' '400x200^^' '-gravity' 'Center' '-crop' '400x200+0+0' '+repage' '/var/folders/2b/34sqn8dj6_j2bwzf371n7kfm0000gn/T/dragonfly20151129-43708-1v04zl0.png'
I, [2015-11-29T14:27:27.516795 #43708]  INFO -- : DRAGONFLY: GET /steam/dynamic/W1siZmYiLCIvVXNlcnMvY2VkcmljbG9yL2NvZGUvQ2VkcmljTG9yL0NBRlJGQy9XYWdvbi9wdWJsaWMvc2FtcGxlcy9wbGFjZWhvbGRlcnMvNDUweDMzOC5wbmciXSxbInAiLCJ0aHVtYiIsIjQwMHgyMDAjIl1d/746c9771a5e4f589/450x338.png 200
D, [2015-11-29T14:27:27.528569 #43708] DEBUG -- : DRAGONFLY: shell command: '/usr/local/bin/convert' '/Users/cedriclor/code/CedricLor/CAFRFC/Wagon/public/samples/placeholders/640x480.jpeg' '-resize' '400x200^^' '-gravity' 'Center' '-crop' '400x200+0+0' '+repage' '/var/folders/2b/34sqn8dj6_j2bwzf371n7kfm0000gn/T/dragonfly20151129-43708-1mn3wxi.jpeg'
I, [2015-11-29T14:27:27.534736 #43708]  INFO -- : DRAGONFLY: GET /steam/dynamic/W1siZmYiLCIvVXNlcnMvY2VkcmljbG9yL2NvZGUvQ2VkcmljTG9yL0NBRlJGQy9XYWdvbi9wdWJsaWMvc2FtcGxlcy9wbGFjZWhvbGRlcnMvODAweDYwMC5wbmciXSxbInAiLCJ0aHVtYiIsIjQwMHgyMDAjIl1d/146d48bda67c96cd/800x600.png 200
I, [2015-11-29T14:27:27.535032 #43708]  INFO -- : DRAGONFLY: GET /steam/dynamic/W1siZmYiLCIvVXNlcnMvY2VkcmljbG9yL2NvZGUvQ2VkcmljTG9yL0NBRlJGQy9XYWdvbi9wdWJsaWMvc2FtcGxlcy9wbGFjZWhvbGRlcnMvNzI0eDQ1Ni5wbmciXSxbInAiLCJ0aHVtYiIsIjQwMHgyMDAjIl1d/7d308d7525d0a0ae/724x456.png 200
D, [2015-11-29T14:27:27.557877 #43708] DEBUG -- : DRAGONFLY: shell command: '/usr/local/bin/convert' '/Users/cedriclor/code/CedricLor/CAFRFC/Wagon/public/samples/placeholders/1280x960.gif' '-resize' '400x200^^' '-gravity' 'Center' '-crop' '400x200+0+0' '+repage' '/var/folders/2b/34sqn8dj6_j2bwzf371n7kfm0000gn/T/dragonfly20151129-43708-warson.gif'
D, [2015-11-29T14:27:27.570688 #43708] DEBUG -- : DRAGONFLY: shell command: '/usr/local/bin/convert' '/Users/cedriclor/code/CedricLor/CAFRFC/Wagon/public/samples/placeholders/724x456.gif' '-resize' '400x200^^' '-gravity' 'Center' '-crop' '400x200+0+0' '+repage' '/var/folders/2b/34sqn8dj6_j2bwzf371n7kfm0000gn/T/dragonfly20151129-43708-1mvene6.gif'
I, [2015-11-29T14:27:27.612455 #43708]  INFO -- : DRAGONFLY: GET /steam/dynamic/W1siZmYiLCIvVXNlcnMvY2VkcmljbG9yL2NvZGUvQ2VkcmljTG9yL0NBRlJGQy9XYWdvbi9wdWJsaWMvc2FtcGxlcy9wbGFjZWhvbGRlcnMvMTAyNHg3NjguanBlZyJdLFsicCIsInRodW1iIiwiNDAweDIwMCMiXV0/ce6ca05ed27f38c3/1024x768.jpeg 200
I, [2015-11-29T14:27:27.693082 #43708]  INFO -- : DRAGONFLY: GET /steam/dynamic/W1siZmYiLCIvVXNlcnMvY2VkcmljbG9yL2NvZGUvQ2VkcmljTG9yL0NBRlJGQy9XYWdvbi9wdWJsaWMvc2FtcGxlcy9wbGFjZWhvbGRlcnMvNzI0eDQ1Ni5naWYiXSxbInAiLCJ0aHVtYiIsIjQwMHgyMDAjIl1d/ca470f1a968fee3f/724x456.gif 200
I, [2015-11-29T14:27:27.699613 #43708]  INFO -- : DRAGONFLY: GET /steam/dynamic/W1siZmYiLCIvVXNlcnMvY2VkcmljbG9yL2NvZGUvQ2VkcmljTG9yL0NBRlJGQy9XYWdvbi9wdWJsaWMvc2FtcGxlcy9wbGFjZWhvbGRlcnMvNjQweDQ4MC5qcGVnIl0sWyJwIiwidGh1bWIiLCI0MDB4MjAwIyJdXQ/01797ba82366c4d1/640x480.jpeg 200
I, [2015-11-29T14:27:27.721105 #43708]  INFO -- : DRAGONFLY: GET /steam/dynamic/W1siZmYiLCIvVXNlcnMvY2VkcmljbG9yL2NvZGUvQ2VkcmljTG9yL0NBRlJGQy9XYWdvbi9wdWJsaWMvc2FtcGxlcy9wbGFjZWhvbGRlcnMvMTI4MHg5NjAuanBlZyJdLFsicCIsInRodW1iIiwiNDAweDIwMCMiXV0/66a6026d7f51a904/1280x960.jpeg 200
I, [2015-11-29T14:27:27.819385 #43708]  INFO -- : DRAGONFLY: GET /steam/dynamic/W1siZmYiLCIvVXNlcnMvY2VkcmljbG9yL2NvZGUvQ2VkcmljTG9yL0NBRlJGQy9XYWdvbi9wdWJsaWMvc2FtcGxlcy9wbGFjZWhvbGRlcnMvMTI4MHg5NjAuZ2lmIl0sWyJwIiwidGh1bWIiLCI0MDB4MjAwIyJdXQ/9eb61390fb906a99/1280x960.gif 200
I, [2015-11-29T14:27:27.923388 #43708]  INFO -- : DRAGONFLY: GET /steam/dynamic/W1siZmYiLCIvVXNlcnMvY2VkcmljbG9yL2NvZGUvQ2VkcmljTG9yL0NBRlJGQy9XYWdvbi9wdWJsaWMvc2FtcGxlcy9wbGFjZWhvbGRlcnMvMTUzNngxMTgwLmpwZyJdLFsicCIsInRodW1iIiwiNDAweDIwMCMiXV0/0f346bea9b2dc91c/1536x1180.jpg 200
D, [2015-11-29T14:27:41.454713 #43708] DEBUG -- : DRAGONFLY: shell command: '/usr/local/bin/convert' '/Users/cedriclor/code/CedricLor/CAFRFC/Wagon/public/samples/placeholders/800x600.jpeg' '-resize' '350x300^^' '-gravity' 'Center' '-crop' '350x300+0+0' '+repage' '/var/folders/2b/34sqn8dj6_j2bwzf371n7kfm0000gn/T/dragonfly20151129-43708-1uqinna.jpeg'
D, [2015-11-29T14:27:41.464410 #43708] DEBUG -- : DRAGONFLY: shell command: '/usr/local/bin/convert' '/Users/cedriclor/code/CedricLor/CAFRFC/Wagon/public/samples/placeholders/724x456.gif' '-resize' '350x300^^' '-gravity' 'Center' '-crop' '350x300+0+0' '+repage' '/var/folders/2b/34sqn8dj6_j2bwzf371n7kfm0000gn/T/dragonfly20151129-43708-evn7pg.gif'
D, [2015-11-29T14:27:41.480137 #43708] DEBUG -- : DRAGONFLY: shell command: '/usr/local/bin/convert' '/Users/cedriclor/code/CedricLor/CAFRFC/Wagon/public/samples/placeholders/1280x960.jpg' '-resize' '350x300^^' '-gravity' 'Center' '-crop' '350x300+0+0' '+repage' '/var/folders/2b/34sqn8dj6_j2bwzf371n7kfm0000gn/T/dragonfly20151129-43708-15loo0w.jpg'
D, [2015-11-29T14:27:41.499694 #43708] DEBUG -- : DRAGONFLY: shell command: '/usr/local/bin/convert' '/Users/cedriclor/code/CedricLor/CAFRFC/Wagon/public/samples/placeholders/800x600.gif' '-resize' '350x300^^' '-gravity' 'Center' '-crop' '350x300+0+0' '+repage' '/var/folders/2b/34sqn8dj6_j2bwzf371n7kfm0000gn/T/dragonfly20151129-43708-1bv4ufe.gif'
D, [2015-11-29T14:27:41.530905 #43708] DEBUG -- : DRAGONFLY: shell command: '/usr/local/bin/convert' '/Users/cedriclor/code/CedricLor/CAFRFC/Wagon/public/samples/placeholders/1536x1180.jpg' '-resize' '350x300^^' '-gravity' 'Center' '-crop' '350x300+0+0' '+repage' '/var/folders/2b/34sqn8dj6_j2bwzf371n7kfm0000gn/T/dragonfly20151129-43708-asryd8.jpg'
D, [2015-11-29T14:27:41.593305 #43708] DEBUG -- : DRAGONFLY: shell command: '/usr/local/bin/convert' '/Users/cedriclor/code/CedricLor/CAFRFC/Wagon/public/samples/placeholders/1024x768.jpeg' '-resize' '350x300^^' '-gravity' 'Center' '-crop' '350x300+0+0' '+repage' '/var/folders/2b/34sqn8dj6_j2bwzf371n7kfm0000gn/T/dragonfly20151129-43708-1pi6v81.jpeg'
I, [2015-11-29T14:27:41.610520 #43708]  INFO -- : DRAGONFLY: GET /steam/dynamic/W1siZmYiLCIvVXNlcnMvY2VkcmljbG9yL2NvZGUvQ2VkcmljTG9yL0NBRlJGQy9XYWdvbi9wdWJsaWMvc2FtcGxlcy9wbGFjZWhvbGRlcnMvODAweDYwMC5qcGVnIl0sWyJwIiwidGh1bWIiLCIzNTB4MzAwIyJdXQ/e0dd6682b41b5730/800x600.jpeg 200
D, [2015-11-29T14:27:41.629269 #43708] DEBUG -- : DRAGONFLY: shell command: '/usr/local/bin/convert' '/Users/cedriclor/code/CedricLor/CAFRFC/Wagon/public/samples/placeholders/724x456.png' '-resize' '350x300^^' '-gravity' 'Center' '-crop' '350x300+0+0' '+repage' '/var/folders/2b/34sqn8dj6_j2bwzf371n7kfm0000gn/T/dragonfly20151129-43708-xmbcm8.png'
I, [2015-11-29T14:27:41.778039 #43708]  INFO -- : DRAGONFLY: GET /steam/dynamic/W1siZmYiLCIvVXNlcnMvY2VkcmljbG9yL2NvZGUvQ2VkcmljTG9yL0NBRlJGQy9XYWdvbi9wdWJsaWMvc2FtcGxlcy9wbGFjZWhvbGRlcnMvODAweDYwMC5naWYiXSxbInAiLCJ0aHVtYiIsIjM1MHgzMDAjIl1d/a13955a18d5c16d9/800x600.gif 200
D, [2015-11-29T14:27:41.787259 #43708] DEBUG -- : DRAGONFLY: shell command: '/usr/local/bin/convert' '/Users/cedriclor/code/CedricLor/CAFRFC/Wagon/public/samples/placeholders/1536x1180.jpeg' '-resize' '350x300^^' '-gravity' 'Center' '-crop' '350x300+0+0' '+repage' '/var/folders/2b/34sqn8dj6_j2bwzf371n7kfm0000gn/T/dragonfly20151129-43708-df4p5.jpeg'
I, [2015-11-29T14:27:41.806930 #43708]  INFO -- : DRAGONFLY: GET /steam/dynamic/W1siZmYiLCIvVXNlcnMvY2VkcmljbG9yL2NvZGUvQ2VkcmljTG9yL0NBRlJGQy9XYWdvbi9wdWJsaWMvc2FtcGxlcy9wbGFjZWhvbGRlcnMvNzI0eDQ1Ni5naWYiXSxbInAiLCJ0aHVtYiIsIjM1MHgzMDAjIl1d/04558b03cc31c689/724x456.gif 200
D, [2015-11-29T14:27:41.826084 #43708] DEBUG -- : DRAGONFLY: shell command: '/usr/local/bin/convert' '/Users/cedriclor/code/CedricLor/CAFRFC/Wagon/public/samples/placeholders/724x456.jpeg' '-resize' '350x300^^' '-gravity' 'Center' '-crop' '350x300+0+0' '+repage' '/var/folders/2b/34sqn8dj6_j2bwzf371n7kfm0000gn/T/dragonfly20151129-43708-l49jmp.jpeg'
I, [2015-11-29T14:27:41.899036 #43708]  INFO -- : DRAGONFLY: GET /steam/dynamic/W1siZmYiLCIvVXNlcnMvY2VkcmljbG9yL2NvZGUvQ2VkcmljTG9yL0NBRlJGQy9XYWdvbi9wdWJsaWMvc2FtcGxlcy9wbGFjZWhvbGRlcnMvNzI0eDQ1Ni5wbmciXSxbInAiLCJ0aHVtYiIsIjM1MHgzMDAjIl1d/c6cc3b0dac1ba7e2/724x456.png 200
I, [2015-11-29T14:27:41.994600 #43708]  INFO -- : DRAGONFLY: GET /steam/dynamic/W1siZmYiLCIvVXNlcnMvY2VkcmljbG9yL2NvZGUvQ2VkcmljTG9yL0NBRlJGQy9XYWdvbi9wdWJsaWMvc2FtcGxlcy9wbGFjZWhvbGRlcnMvNzI0eDQ1Ni5qcGVnIl0sWyJwIiwidGh1bWIiLCIzNTB4MzAwIyJdXQ/50fa9bd85b1e2ac5/724x456.jpeg 200
I, [2015-11-29T14:27:42.027243 #43708]  INFO -- : DRAGONFLY: GET /steam/dynamic/W1siZmYiLCIvVXNlcnMvY2VkcmljbG9yL2NvZGUvQ2VkcmljTG9yL0NBRlJGQy9XYWdvbi9wdWJsaWMvc2FtcGxlcy9wbGFjZWhvbGRlcnMvMTI4MHg5NjAuanBnIl0sWyJwIiwidGh1bWIiLCIzNTB4MzAwIyJdXQ/c68233d8176dc8f7/1280x960.jpg 200
I, [2015-11-29T14:27:42.095580 #43708]  INFO -- : DRAGONFLY: GET /steam/dynamic/W1siZmYiLCIvVXNlcnMvY2VkcmljbG9yL2NvZGUvQ2VkcmljTG9yL0NBRlJGQy9XYWdvbi9wdWJsaWMvc2FtcGxlcy9wbGFjZWhvbGRlcnMvMTAyNHg3NjguanBlZyJdLFsicCIsInRodW1iIiwiMzUweDMwMCMiXV0/7cde623df8b47556/1024x768.jpeg 200
I, [2015-11-29T14:27:42.245828 #43708]  INFO -- : DRAGONFLY: GET /steam/dynamic/W1siZmYiLCIvVXNlcnMvY2VkcmljbG9yL2NvZGUvQ2VkcmljTG9yL0NBRlJGQy9XYWdvbi9wdWJsaWMvc2FtcGxlcy9wbGFjZWhvbGRlcnMvMTUzNngxMTgwLmpwZWciXSxbInAiLCJ0aHVtYiIsIjM1MHgzMDAjIl1d/e0df6e2c412eca24/1536x1180.jpeg 200
I, [2015-11-29T14:27:42.270612 #43708]  INFO -- : DRAGONFLY: GET /steam/dynamic/W1siZmYiLCIvVXNlcnMvY2VkcmljbG9yL2NvZGUvQ2VkcmljTG9yL0NBRlJGQy9XYWdvbi9wdWJsaWMvc2FtcGxlcy9wbGFjZWhvbGRlcnMvMTUzNngxMTgwLmpwZyJdLFsicCIsInRodW1iIiwiMzUweDMwMCMiXV0/52b5f353a52b210d/1536x1180.jpg 200
D, [2015-11-29T15:33:56.213496 #45447] DEBUG -- : DRAGONFLY: shell command: '/usr/local/bin/convert' '/Users/cedriclor/code/CedricLor/CAFRFC/Wagon/public/images/saint_petersburgh_ermitage.jpg' '-resize' '800x>' '/var/folders/2b/34sqn8dj6_j2bwzf371n7kfm0000gn/T/dragonfly20151129-45447-vuoia4.jpg'
I, [2015-11-29T15:33:56.362544 #45447]  INFO -- : DRAGONFLY: GET /steam/dynamic/W1siZmYiLCIvVXNlcnMvY2VkcmljbG9yL2NvZGUvQ2VkcmljTG9yL0NBRlJGQy9XYWdvbi9wdWJsaWMvaW1hZ2VzL3NhaW50X3BldGVyc2J1cmdoX2VybWl0YWdlLmpwZyJdLFsicCIsInRodW1iIiwiODAweFx1MDAzZSJdXQ/c049a0853160e995/saint_petersburgh_ermitage.jpg 200
D, [2015-11-29T22:05:51.478594 #18683] DEBUG -- : DRAGONFLY: shell command: '/usr/local/bin/convert' '/Users/cedriclor/code/CedricLor/CAFRFC/Wagon/public/samples/placeholders/640x480.png' '-resize' '400x200^^' '-gravity' 'Center' '-crop' '400x200+0+0' '+repage' '/var/folders/2b/34sqn8dj6_j2bwzf371n7kfm0000gn/T/dragonfly20151129-18683-14ivex9.png'
D, [2015-11-29T22:05:51.509542 #18683] DEBUG -- : DRAGONFLY: shell command: '/usr/local/bin/convert' '/Users/cedriclor/code/CedricLor/CAFRFC/Wagon/public/samples/placeholders/800x600.jpg' '-resize' '400x200^^' '-gravity' 'Center' '-crop' '400x200+0+0' '+repage' '/var/folders/2b/34sqn8dj6_j2bwzf371n7kfm0000gn/T/dragonfly20151129-18683-9gzs0o.jpg'
D, [2015-11-29T22:05:51.529011 #18683] DEBUG -- : DRAGONFLY: shell command: '/usr/local/bin/convert' '/Users/cedriclor/code/CedricLor/CAFRFC/Wagon/public/samples/placeholders/1024x768.jpeg' '-resize' '400x200^^' '-gravity' 'Center' '-crop' '400x200+0+0' '+repage' '/var/folders/2b/34sqn8dj6_j2bwzf371n7kfm0000gn/T/dragonfly20151129-18683-r4ngb5.jpeg'
D, [2015-11-29T22:05:51.544423 #18683] DEBUG -- : DRAGONFLY: shell command: '/usr/local/bin/convert' '/Users/cedriclor/code/CedricLor/CAFRFC/Wagon/public/samples/placeholders/724x456.jpg' '-resize' '400x200^^' '-gravity' 'Center' '-crop' '400x200+0+0' '+repage' '/var/folders/2b/34sqn8dj6_j2bwzf371n7kfm0000gn/T/dragonfly20151129-18683-7nragd.jpg'
D, [2015-11-29T22:05:51.559634 #18683] DEBUG -- : DRAGONFLY: shell command: '/usr/local/bin/convert' '/Users/cedriclor/code/CedricLor/CAFRFC/Wagon/public/samples/placeholders/1024x768.png' '-resize' '400x200^^' '-gravity' 'Center' '-crop' '400x200+0+0' '+repage' '/var/folders/2b/34sqn8dj6_j2bwzf371n7kfm0000gn/T/dragonfly20151129-18683-6q4gef.png'
D, [2015-11-29T22:05:51.575872 #18683] DEBUG -- : DRAGONFLY: shell command: '/usr/local/bin/convert' '/Users/cedriclor/code/CedricLor/CAFRFC/Wagon/public/samples/placeholders/724x456.jpeg' '-resize' '400x200^^' '-gravity' 'Center' '-crop' '400x200+0+0' '+repage' '/var/folders/2b/34sqn8dj6_j2bwzf371n7kfm0000gn/T/dragonfly20151129-18683-8izvg4.jpeg'
I, [2015-11-29T22:05:51.672927 #18683]  INFO -- : DRAGONFLY: GET /steam/dynamic/W1siZmYiLCIvVXNlcnMvY2VkcmljbG9yL2NvZGUvQ2VkcmljTG9yL0NBRlJGQy9XYWdvbi9wdWJsaWMvc2FtcGxlcy9wbGFjZWhvbGRlcnMvNjQweDQ4MC5wbmciXSxbInAiLCJ0aHVtYiIsIjQwMHgyMDAjIl1d/e17b4e800657556c/640x480.png 200
D, [2015-11-29T22:05:51.682694 #18683] DEBUG -- : DRAGONFLY: shell command: '/usr/local/bin/convert' '/Users/cedriclor/code/CedricLor/CAFRFC/Wagon/public/samples/placeholders/1280x960.jpeg' '-resize' '400x200^^' '-gravity' 'Center' '-crop' '400x200+0+0' '+repage' '/var/folders/2b/34sqn8dj6_j2bwzf371n7kfm0000gn/T/dragonfly20151129-18683-17ags92.jpeg'
I, [2015-11-29T22:05:51.747095 #18683]  INFO -- : DRAGONFLY: GET /steam/dynamic/W1siZmYiLCIvVXNlcnMvY2VkcmljbG9yL2NvZGUvQ2VkcmljTG9yL0NBRlJGQy9XYWdvbi9wdWJsaWMvc2FtcGxlcy9wbGFjZWhvbGRlcnMvNzI0eDQ1Ni5qcGciXSxbInAiLCJ0aHVtYiIsIjQwMHgyMDAjIl1d/855da91793e94864/724x456.jpg 200
D, [2015-11-29T22:05:51.763603 #18683] DEBUG -- : DRAGONFLY: shell command: '/usr/local/bin/convert' '/Users/cedriclor/code/CedricLor/CAFRFC/Wagon/public/samples/placeholders/1536x1180.jpg' '-resize' '400x200^^' '-gravity' 'Center' '-crop' '400x200+0+0' '+repage' '/var/folders/2b/34sqn8dj6_j2bwzf371n7kfm0000gn/T/dragonfly20151129-18683-14e5vif.jpg'
I, [2015-11-29T22:05:51.827860 #18683]  INFO -- : DRAGONFLY: GET /steam/dynamic/W1siZmYiLCIvVXNlcnMvY2VkcmljbG9yL2NvZGUvQ2VkcmljTG9yL0NBRlJGQy9XYWdvbi9wdWJsaWMvc2FtcGxlcy9wbGFjZWhvbGRlcnMvODAweDYwMC5qcGciXSxbInAiLCJ0aHVtYiIsIjQwMHgyMDAjIl1d/289af73f466e91ea/800x600.jpg 200
D, [2015-11-29T22:05:51.849607 #18683] DEBUG -- : DRAGONFLY: shell command: '/usr/local/bin/convert' '/Users/cedriclor/code/CedricLor/CAFRFC/Wagon/public/samples/placeholders/800x450.jpg' '-resize' '400x200^^' '-gravity' 'Center' '-crop' '400x200+0+0' '+repage' '/var/folders/2b/34sqn8dj6_j2bwzf371n7kfm0000gn/T/dragonfly20151129-18683-do552u.jpg'
I, [2015-11-29T22:05:51.937227 #18683]  INFO -- : DRAGONFLY: GET /steam/dynamic/W1siZmYiLCIvVXNlcnMvY2VkcmljbG9yL2NvZGUvQ2VkcmljTG9yL0NBRlJGQy9XYWdvbi9wdWJsaWMvc2FtcGxlcy9wbGFjZWhvbGRlcnMvNzI0eDQ1Ni5qcGVnIl0sWyJwIiwidGh1bWIiLCI0MDB4MjAwIyJdXQ/e3bf329904cd32be/724x456.jpeg 200
D, [2015-11-29T22:05:51.959575 #18683] DEBUG -- : DRAGONFLY: shell command: '/usr/local/bin/convert' '/Users/cedriclor/code/CedricLor/CAFRFC/Wagon/public/samples/placeholders/800x450.gif' '-resize' '400x200^^' '-gravity' 'Center' '-crop' '400x200+0+0' '+repage' '/var/folders/2b/34sqn8dj6_j2bwzf371n7kfm0000gn/T/dragonfly20151129-18683-1ycz6qv.gif'
I, [2015-11-29T22:05:52.028530 #18683]  INFO -- : DRAGONFLY: GET /steam/dynamic/W1siZmYiLCIvVXNlcnMvY2VkcmljbG9yL2NvZGUvQ2VkcmljTG9yL0NBRlJGQy9XYWdvbi9wdWJsaWMvc2FtcGxlcy9wbGFjZWhvbGRlcnMvMTAyNHg3NjgucG5nIl0sWyJwIiwidGh1bWIiLCI0MDB4MjAwIyJdXQ/b2881a6bc72a13da/1024x768.png 200
D, [2015-11-29T22:05:52.040954 #18683] DEBUG -- : DRAGONFLY: shell command: '/usr/local/bin/convert' '/Users/cedriclor/code/CedricLor/CAFRFC/Wagon/public/samples/placeholders/800x600.png' '-resize' '400x200^^' '-gravity' 'Center' '-crop' '400x200+0+0' '+repage' '/var/folders/2b/34sqn8dj6_j2bwzf371n7kfm0000gn/T/dragonfly20151129-18683-9pfbto.png'
I, [2015-11-29T22:05:52.111342 #18683]  INFO -- : DRAGONFLY: GET /steam/dynamic/W1siZmYiLCIvVXNlcnMvY2VkcmljbG9yL2NvZGUvQ2VkcmljTG9yL0NBRlJGQy9XYWdvbi9wdWJsaWMvc2FtcGxlcy9wbGFjZWhvbGRlcnMvODAweDQ1MC5naWYiXSxbInAiLCJ0aHVtYiIsIjQwMHgyMDAjIl1d/1afaa7bab5b8e0f0/800x450.gif 200
I, [2015-11-29T22:05:52.111570 #18683]  INFO -- : DRAGONFLY: GET /steam/dynamic/W1siZmYiLCIvVXNlcnMvY2VkcmljbG9yL2NvZGUvQ2VkcmljTG9yL0NBRlJGQy9XYWdvbi9wdWJsaWMvc2FtcGxlcy9wbGFjZWhvbGRlcnMvODAweDQ1MC5qcGciXSxbInAiLCJ0aHVtYiIsIjQwMHgyMDAjIl1d/3183d44c47540279/800x450.jpg 200
D, [2015-11-29T22:05:52.126339 #18683] DEBUG -- : DRAGONFLY: shell command: '/usr/local/bin/convert' '/Users/cedriclor/code/CedricLor/CAFRFC/Wagon/public/samples/placeholders/450x338.png' '-resize' '400x200^^' '-gravity' 'Center' '-crop' '400x200+0+0' '+repage' '/var/folders/2b/34sqn8dj6_j2bwzf371n7kfm0000gn/T/dragonfly20151129-18683-kkrkgj.png'
D, [2015-11-29T22:05:52.134617 #18683] DEBUG -- : DRAGONFLY: shell command: '/usr/local/bin/convert' '/Users/cedriclor/code/CedricLor/CAFRFC/Wagon/public/samples/placeholders/724x456.png' '-resize' '400x200^^' '-gravity' 'Center' '-crop' '400x200+0+0' '+repage' '/var/folders/2b/34sqn8dj6_j2bwzf371n7kfm0000gn/T/dragonfly20151129-18683-1tbcg49.png'
I, [2015-11-29T22:05:52.194974 #18683]  INFO -- : DRAGONFLY: GET /steam/dynamic/W1siZmYiLCIvVXNlcnMvY2VkcmljbG9yL2NvZGUvQ2VkcmljTG9yL0NBRlJGQy9XYWdvbi9wdWJsaWMvc2FtcGxlcy9wbGFjZWhvbGRlcnMvODAweDYwMC5wbmciXSxbInAiLCJ0aHVtYiIsIjQwMHgyMDAjIl1d/146d48bda67c96cd/800x600.png 200
D, [2015-11-29T22:05:52.205827 #18683] DEBUG -- : DRAGONFLY: shell command: '/usr/local/bin/convert' '/Users/cedriclor/code/CedricLor/CAFRFC/Wagon/public/samples/placeholders/640x480.jpeg' '-resize' '400x200^^' '-gravity' 'Center' '-crop' '400x200+0+0' '+repage' '/var/folders/2b/34sqn8dj6_j2bwzf371n7kfm0000gn/T/dragonfly20151129-18683-lu20m0.jpeg'
I, [2015-11-29T22:05:52.250619 #18683]  INFO -- : DRAGONFLY: GET /steam/dynamic/W1siZmYiLCIvVXNlcnMvY2VkcmljbG9yL2NvZGUvQ2VkcmljTG9yL0NBRlJGQy9XYWdvbi9wdWJsaWMvc2FtcGxlcy9wbGFjZWhvbGRlcnMvNDUweDMzOC5wbmciXSxbInAiLCJ0aHVtYiIsIjQwMHgyMDAjIl1d/746c9771a5e4f589/450x338.png 200
D, [2015-11-29T22:05:52.263335 #18683] DEBUG -- : DRAGONFLY: shell command: '/usr/local/bin/convert' '/Users/cedriclor/code/CedricLor/CAFRFC/Wagon/public/samples/placeholders/1280x960.gif' '-resize' '400x200^^' '-gravity' 'Center' '-crop' '400x200+0+0' '+repage' '/var/folders/2b/34sqn8dj6_j2bwzf371n7kfm0000gn/T/dragonfly20151129-18683-1r8kxm2.gif'
I, [2015-11-29T22:05:52.276881 #18683]  INFO -- : DRAGONFLY: GET /steam/dynamic/W1siZmYiLCIvVXNlcnMvY2VkcmljbG9yL2NvZGUvQ2VkcmljTG9yL0NBRlJGQy9XYWdvbi9wdWJsaWMvc2FtcGxlcy9wbGFjZWhvbGRlcnMvNzI0eDQ1Ni5wbmciXSxbInAiLCJ0aHVtYiIsIjQwMHgyMDAjIl1d/7d308d7525d0a0ae/724x456.png 200
D, [2015-11-29T22:05:52.295633 #18683] DEBUG -- : DRAGONFLY: shell command: '/usr/local/bin/convert' '/Users/cedriclor/code/CedricLor/CAFRFC/Wagon/public/samples/placeholders/724x456.gif' '-resize' '400x200^^' '-gravity' 'Center' '-crop' '400x200+0+0' '+repage' '/var/folders/2b/34sqn8dj6_j2bwzf371n7kfm0000gn/T/dragonfly20151129-18683-1ipjbx2.gif'
I, [2015-11-29T22:05:52.324351 #18683]  INFO -- : DRAGONFLY: GET /steam/dynamic/W1siZmYiLCIvVXNlcnMvY2VkcmljbG9yL2NvZGUvQ2VkcmljTG9yL0NBRlJGQy9XYWdvbi9wdWJsaWMvc2FtcGxlcy9wbGFjZWhvbGRlcnMvMTAyNHg3NjguanBlZyJdLFsicCIsInRodW1iIiwiNDAweDIwMCMiXV0/ce6ca05ed27f38c3/1024x768.jpeg 200
I, [2015-11-29T22:05:52.409353 #18683]  INFO -- : DRAGONFLY: GET /steam/dynamic/W1siZmYiLCIvVXNlcnMvY2VkcmljbG9yL2NvZGUvQ2VkcmljTG9yL0NBRlJGQy9XYWdvbi9wdWJsaWMvc2FtcGxlcy9wbGFjZWhvbGRlcnMvNzI0eDQ1Ni5naWYiXSxbInAiLCJ0aHVtYiIsIjQwMHgyMDAjIl1d/ca470f1a968fee3f/724x456.gif 200
I, [2015-11-29T22:05:52.444285 #18683]  INFO -- : DRAGONFLY: GET /steam/dynamic/W1siZmYiLCIvVXNlcnMvY2VkcmljbG9yL2NvZGUvQ2VkcmljTG9yL0NBRlJGQy9XYWdvbi9wdWJsaWMvc2FtcGxlcy9wbGFjZWhvbGRlcnMvNjQweDQ4MC5qcGVnIl0sWyJwIiwidGh1bWIiLCI0MDB4MjAwIyJdXQ/01797ba82366c4d1/640x480.jpeg 200
I, [2015-11-29T22:05:52.478630 #18683]  INFO -- : DRAGONFLY: GET /steam/dynamic/W1siZmYiLCIvVXNlcnMvY2VkcmljbG9yL2NvZGUvQ2VkcmljTG9yL0NBRlJGQy9XYWdvbi9wdWJsaWMvc2FtcGxlcy9wbGFjZWhvbGRlcnMvMTI4MHg5NjAuanBlZyJdLFsicCIsInRodW1iIiwiNDAweDIwMCMiXV0/66a6026d7f51a904/1280x960.jpeg 200
I, [2015-11-29T22:05:52.567297 #18683]  INFO -- : DRAGONFLY: GET /steam/dynamic/W1siZmYiLCIvVXNlcnMvY2VkcmljbG9yL2NvZGUvQ2VkcmljTG9yL0NBRlJGQy9XYWdvbi9wdWJsaWMvc2FtcGxlcy9wbGFjZWhvbGRlcnMvMTI4MHg5NjAuZ2lmIl0sWyJwIiwidGh1bWIiLCI0MDB4MjAwIyJdXQ/9eb61390fb906a99/1280x960.gif 200
I, [2015-11-29T22:05:52.632949 #18683]  INFO -- : DRAGONFLY: GET /steam/dynamic/W1siZmYiLCIvVXNlcnMvY2VkcmljbG9yL2NvZGUvQ2VkcmljTG9yL0NBRlJGQy9XYWdvbi9wdWJsaWMvc2FtcGxlcy9wbGFjZWhvbGRlcnMvMTUzNngxMTgwLmpwZyJdLFsicCIsInRodW1iIiwiNDAweDIwMCMiXV0/0f346bea9b2dc91c/1536x1180.jpg 200
I, [2015-11-30T05:45:53.797839 #23206]  INFO -- : DRAGONFLY: GET /steam/dynamic/W1siZmYiLCIvVXNlcnMvY2VkcmljbG9yL2NvZGUvQ2VkcmljTG9yL0NBRlJGQy9XYWdvbi9wdWJsaWMvc2FtcGxlcy9wbGFjZWhvbGRlcnMvNjQweDQ4MC5wbmciXSxbInAiLCJ0aHVtYiIsIjQwMHgyMDAjIl1d/e17b4e800657556c/640x480.png 304
I, [2015-11-30T05:45:53.830983 #23206]  INFO -- : DRAGONFLY: GET /steam/dynamic/W1siZmYiLCIvVXNlcnMvY2VkcmljbG9yL2NvZGUvQ2VkcmljTG9yL0NBRlJGQy9XYWdvbi9wdWJsaWMvc2FtcGxlcy9wbGFjZWhvbGRlcnMvMTAyNHg3NjguanBlZyJdLFsicCIsInRodW1iIiwiNDAweDIwMCMiXV0/ce6ca05ed27f38c3/1024x768.jpeg 304
I, [2015-11-30T05:45:53.852713 #23206]  INFO -- : DRAGONFLY: GET /steam/dynamic/W1siZmYiLCIvVXNlcnMvY2VkcmljbG9yL2NvZGUvQ2VkcmljTG9yL0NBRlJGQy9XYWdvbi9wdWJsaWMvc2FtcGxlcy9wbGFjZWhvbGRlcnMvODAweDYwMC5qcGciXSxbInAiLCJ0aHVtYiIsIjQwMHgyMDAjIl1d/289af73f466e91ea/800x600.jpg 304
I, [2015-11-30T05:45:53.895591 #23206]  INFO -- : DRAGONFLY: GET /steam/dynamic/W1siZmYiLCIvVXNlcnMvY2VkcmljbG9yL2NvZGUvQ2VkcmljTG9yL0NBRlJGQy9XYWdvbi9wdWJsaWMvc2FtcGxlcy9wbGFjZWhvbGRlcnMvNzI0eDQ1Ni5qcGciXSxbInAiLCJ0aHVtYiIsIjQwMHgyMDAjIl1d/855da91793e94864/724x456.jpg 304
I, [2015-11-30T05:45:53.903938 #23206]  INFO -- : DRAGONFLY: GET /steam/dynamic/W1siZmYiLCIvVXNlcnMvY2VkcmljbG9yL2NvZGUvQ2VkcmljTG9yL0NBRlJGQy9XYWdvbi9wdWJsaWMvc2FtcGxlcy9wbGFjZWhvbGRlcnMvMTAyNHg3NjgucG5nIl0sWyJwIiwidGh1bWIiLCI0MDB4MjAwIyJdXQ/b2881a6bc72a13da/1024x768.png 304
I, [2015-11-30T05:45:53.912150 #23206]  INFO -- : DRAGONFLY: GET /steam/dynamic/W1siZmYiLCIvVXNlcnMvY2VkcmljbG9yL2NvZGUvQ2VkcmljTG9yL0NBRlJGQy9XYWdvbi9wdWJsaWMvc2FtcGxlcy9wbGFjZWhvbGRlcnMvNzI0eDQ1Ni5qcGVnIl0sWyJwIiwidGh1bWIiLCI0MDB4MjAwIyJdXQ/e3bf329904cd32be/724x456.jpeg 304
I, [2015-11-30T05:45:53.939867 #23206]  INFO -- : DRAGONFLY: GET /steam/dynamic/W1siZmYiLCIvVXNlcnMvY2VkcmljbG9yL2NvZGUvQ2VkcmljTG9yL0NBRlJGQy9XYWdvbi9wdWJsaWMvc2FtcGxlcy9wbGFjZWhvbGRlcnMvMTI4MHg5NjAuanBlZyJdLFsicCIsInRodW1iIiwiNDAweDIwMCMiXV0/66a6026d7f51a904/1280x960.jpeg 304
I, [2015-11-30T05:45:53.947152 #23206]  INFO -- : DRAGONFLY: GET /steam/dynamic/W1siZmYiLCIvVXNlcnMvY2VkcmljbG9yL2NvZGUvQ2VkcmljTG9yL0NBRlJGQy9XYWdvbi9wdWJsaWMvc2FtcGxlcy9wbGFjZWhvbGRlcnMvMTUzNngxMTgwLmpwZyJdLFsicCIsInRodW1iIiwiNDAweDIwMCMiXV0/0f346bea9b2dc91c/1536x1180.jpg 304
I, [2015-11-30T05:45:53.957659 #23206]  INFO -- : DRAGONFLY: GET /steam/dynamic/W1siZmYiLCIvVXNlcnMvY2VkcmljbG9yL2NvZGUvQ2VkcmljTG9yL0NBRlJGQy9XYWdvbi9wdWJsaWMvc2FtcGxlcy9wbGFjZWhvbGRlcnMvODAweDQ1MC5qcGciXSxbInAiLCJ0aHVtYiIsIjQwMHgyMDAjIl1d/3183d44c47540279/800x450.jpg 304
I, [2015-11-30T05:45:53.973426 #23206]  INFO -- : DRAGONFLY: GET /steam/dynamic/W1siZmYiLCIvVXNlcnMvY2VkcmljbG9yL2NvZGUvQ2VkcmljTG9yL0NBRlJGQy9XYWdvbi9wdWJsaWMvc2FtcGxlcy9wbGFjZWhvbGRlcnMvODAweDQ1MC5naWYiXSxbInAiLCJ0aHVtYiIsIjQwMHgyMDAjIl1d/1afaa7bab5b8e0f0/800x450.gif 304
I, [2015-11-30T05:45:53.988737 #23206]  INFO -- : DRAGONFLY: GET /steam/dynamic/W1siZmYiLCIvVXNlcnMvY2VkcmljbG9yL2NvZGUvQ2VkcmljTG9yL0NBRlJGQy9XYWdvbi9wdWJsaWMvc2FtcGxlcy9wbGFjZWhvbGRlcnMvODAweDYwMC5wbmciXSxbInAiLCJ0aHVtYiIsIjQwMHgyMDAjIl1d/146d48bda67c96cd/800x600.png 304
I, [2015-11-30T05:45:54.001348 #23206]  INFO -- : DRAGONFLY: GET /steam/dynamic/W1siZmYiLCIvVXNlcnMvY2VkcmljbG9yL2NvZGUvQ2VkcmljTG9yL0NBRlJGQy9XYWdvbi9wdWJsaWMvc2FtcGxlcy9wbGFjZWhvbGRlcnMvNzI0eDQ1Ni5wbmciXSxbInAiLCJ0aHVtYiIsIjQwMHgyMDAjIl1d/7d308d7525d0a0ae/724x456.png 304
I, [2015-11-30T05:45:54.017364 #23206]  INFO -- : DRAGONFLY: GET /steam/dynamic/W1siZmYiLCIvVXNlcnMvY2VkcmljbG9yL2NvZGUvQ2VkcmljTG9yL0NBRlJGQy9XYWdvbi9wdWJsaWMvc2FtcGxlcy9wbGFjZWhvbGRlcnMvNDUweDMzOC5wbmciXSxbInAiLCJ0aHVtYiIsIjQwMHgyMDAjIl1d/746c9771a5e4f589/450x338.png 304
I, [2015-11-30T05:45:54.025639 #23206]  INFO -- : DRAGONFLY: GET /steam/dynamic/W1siZmYiLCIvVXNlcnMvY2VkcmljbG9yL2NvZGUvQ2VkcmljTG9yL0NBRlJGQy9XYWdvbi9wdWJsaWMvc2FtcGxlcy9wbGFjZWhvbGRlcnMvNjQweDQ4MC5qcGVnIl0sWyJwIiwidGh1bWIiLCI0MDB4MjAwIyJdXQ/01797ba82366c4d1/640x480.jpeg 304
I, [2015-11-30T05:45:54.037006 #23206]  INFO -- : DRAGONFLY: GET /steam/dynamic/W1siZmYiLCIvVXNlcnMvY2VkcmljbG9yL2NvZGUvQ2VkcmljTG9yL0NBRlJGQy9XYWdvbi9wdWJsaWMvc2FtcGxlcy9wbGFjZWhvbGRlcnMvMTI4MHg5NjAuZ2lmIl0sWyJwIiwidGh1bWIiLCI0MDB4MjAwIyJdXQ/9eb61390fb906a99/1280x960.gif 304
I, [2015-11-30T05:45:54.046872 #23206]  INFO -- : DRAGONFLY: GET /steam/dynamic/W1siZmYiLCIvVXNlcnMvY2VkcmljbG9yL2NvZGUvQ2VkcmljTG9yL0NBRlJGQy9XYWdvbi9wdWJsaWMvc2FtcGxlcy9wbGFjZWhvbGRlcnMvNzI0eDQ1Ni5naWYiXSxbInAiLCJ0aHVtYiIsIjQwMHgyMDAjIl1d/ca470f1a968fee3f/724x456.gif 304
I, [2015-11-30T06:04:30.242768 #23206]  INFO -- : DRAGONFLY: GET /steam/dynamic/W1siZmYiLCIvVXNlcnMvY2VkcmljbG9yL2NvZGUvQ2VkcmljTG9yL0NBRlJGQy9XYWdvbi9wdWJsaWMvaW1hZ2VzL3NhaW50X3BldGVyc2J1cmdoX2VybWl0YWdlLmpwZyJdLFsicCIsInRodW1iIiwiODAweFx1MDAzZSJdXQ/c049a0853160e995/saint_petersburgh_ermitage.jpg 304
I, [2015-11-30T06:31:19.240385 #23206]  INFO -- : DRAGONFLY: GET /steam/dynamic/W1siZmYiLCIvVXNlcnMvY2VkcmljbG9yL2NvZGUvQ2VkcmljTG9yL0NBRlJGQy9XYWdvbi9wdWJsaWMvc2FtcGxlcy9wbGFjZWhvbGRlcnMvNjQweDQ4MC5wbmciXSxbInAiLCJ0aHVtYiIsIjQwMHgyMDAjIl1d/e17b4e800657556c/640x480.png 304
I, [2015-11-30T06:31:19.252969 #23206]  INFO -- : DRAGONFLY: GET /steam/dynamic/W1siZmYiLCIvVXNlcnMvY2VkcmljbG9yL2NvZGUvQ2VkcmljTG9yL0NBRlJGQy9XYWdvbi9wdWJsaWMvc2FtcGxlcy9wbGFjZWhvbGRlcnMvMTAyNHg3NjguanBlZyJdLFsicCIsInRodW1iIiwiNDAweDIwMCMiXV0/ce6ca05ed27f38c3/1024x768.jpeg 304
I, [2015-11-30T06:31:19.280412 #23206]  INFO -- : DRAGONFLY: GET /steam/dynamic/W1siZmYiLCIvVXNlcnMvY2VkcmljbG9yL2NvZGUvQ2VkcmljTG9yL0NBRlJGQy9XYWdvbi9wdWJsaWMvc2FtcGxlcy9wbGFjZWhvbGRlcnMvODAweDYwMC5qcGciXSxbInAiLCJ0aHVtYiIsIjQwMHgyMDAjIl1d/289af73f466e91ea/800x600.jpg 304
I, [2015-11-30T06:31:19.288535 #23206]  INFO -- : DRAGONFLY: GET /steam/dynamic/W1siZmYiLCIvVXNlcnMvY2VkcmljbG9yL2NvZGUvQ2VkcmljTG9yL0NBRlJGQy9XYWdvbi9wdWJsaWMvc2FtcGxlcy9wbGFjZWhvbGRlcnMvNzI0eDQ1Ni5qcGVnIl0sWyJwIiwidGh1bWIiLCI0MDB4MjAwIyJdXQ/e3bf329904cd32be/724x456.jpeg 304
I, [2015-11-30T06:31:19.299279 #23206]  INFO -- : DRAGONFLY: GET /steam/dynamic/W1siZmYiLCIvVXNlcnMvY2VkcmljbG9yL2NvZGUvQ2VkcmljTG9yL0NBRlJGQy9XYWdvbi9wdWJsaWMvc2FtcGxlcy9wbGFjZWhvbGRlcnMvMTI4MHg5NjAuanBlZyJdLFsicCIsInRodW1iIiwiNDAweDIwMCMiXV0/66a6026d7f51a904/1280x960.jpeg 304
I, [2015-11-30T06:31:19.309713 #23206]  INFO -- : DRAGONFLY: GET /steam/dynamic/W1siZmYiLCIvVXNlcnMvY2VkcmljbG9yL2NvZGUvQ2VkcmljTG9yL0NBRlJGQy9XYWdvbi9wdWJsaWMvc2FtcGxlcy9wbGFjZWhvbGRlcnMvNzI0eDQ1Ni5qcGciXSxbInAiLCJ0aHVtYiIsIjQwMHgyMDAjIl1d/855da91793e94864/724x456.jpg 304
I, [2015-11-30T06:31:19.318720 #23206]  INFO -- : DRAGONFLY: GET /steam/dynamic/W1siZmYiLCIvVXNlcnMvY2VkcmljbG9yL2NvZGUvQ2VkcmljTG9yL0NBRlJGQy9XYWdvbi9wdWJsaWMvc2FtcGxlcy9wbGFjZWhvbGRlcnMvMTAyNHg3NjgucG5nIl0sWyJwIiwidGh1bWIiLCI0MDB4MjAwIyJdXQ/b2881a6bc72a13da/1024x768.png 304
I, [2015-11-30T06:31:19.326240 #23206]  INFO -- : DRAGONFLY: GET /steam/dynamic/W1siZmYiLCIvVXNlcnMvY2VkcmljbG9yL2NvZGUvQ2VkcmljTG9yL0NBRlJGQy9XYWdvbi9wdWJsaWMvc2FtcGxlcy9wbGFjZWhvbGRlcnMvMTUzNngxMTgwLmpwZyJdLFsicCIsInRodW1iIiwiNDAweDIwMCMiXV0/0f346bea9b2dc91c/1536x1180.jpg 304
I, [2015-11-30T06:31:19.334112 #23206]  INFO -- : DRAGONFLY: GET /steam/dynamic/W1siZmYiLCIvVXNlcnMvY2VkcmljbG9yL2NvZGUvQ2VkcmljTG9yL0NBRlJGQy9XYWdvbi9wdWJsaWMvc2FtcGxlcy9wbGFjZWhvbGRlcnMvODAweDQ1MC5qcGciXSxbInAiLCJ0aHVtYiIsIjQwMHgyMDAjIl1d/3183d44c47540279/800x450.jpg 304
I, [2015-11-30T06:31:19.341255 #23206]  INFO -- : DRAGONFLY: GET /steam/dynamic/W1siZmYiLCIvVXNlcnMvY2VkcmljbG9yL2NvZGUvQ2VkcmljTG9yL0NBRlJGQy9XYWdvbi9wdWJsaWMvc2FtcGxlcy9wbGFjZWhvbGRlcnMvODAweDQ1MC5naWYiXSxbInAiLCJ0aHVtYiIsIjQwMHgyMDAjIl1d/1afaa7bab5b8e0f0/800x450.gif 304
I, [2015-11-30T06:31:19.351202 #23206]  INFO -- : DRAGONFLY: GET /steam/dynamic/W1siZmYiLCIvVXNlcnMvY2VkcmljbG9yL2NvZGUvQ2VkcmljTG9yL0NBRlJGQy9XYWdvbi9wdWJsaWMvc2FtcGxlcy9wbGFjZWhvbGRlcnMvODAweDYwMC5wbmciXSxbInAiLCJ0aHVtYiIsIjQwMHgyMDAjIl1d/146d48bda67c96cd/800x600.png 304
I, [2015-11-30T06:31:19.359194 #23206]  INFO -- : DRAGONFLY: GET /steam/dynamic/W1siZmYiLCIvVXNlcnMvY2VkcmljbG9yL2NvZGUvQ2VkcmljTG9yL0NBRlJGQy9XYWdvbi9wdWJsaWMvc2FtcGxlcy9wbGFjZWhvbGRlcnMvNzI0eDQ1Ni5wbmciXSxbInAiLCJ0aHVtYiIsIjQwMHgyMDAjIl1d/7d308d7525d0a0ae/724x456.png 304
I, [2015-11-30T06:31:19.370352 #23206]  INFO -- : DRAGONFLY: GET /steam/dynamic/W1siZmYiLCIvVXNlcnMvY2VkcmljbG9yL2NvZGUvQ2VkcmljTG9yL0NBRlJGQy9XYWdvbi9wdWJsaWMvc2FtcGxlcy9wbGFjZWhvbGRlcnMvNDUweDMzOC5wbmciXSxbInAiLCJ0aHVtYiIsIjQwMHgyMDAjIl1d/746c9771a5e4f589/450x338.png 304
I, [2015-11-30T06:31:19.380807 #23206]  INFO -- : DRAGONFLY: GET /steam/dynamic/W1siZmYiLCIvVXNlcnMvY2VkcmljbG9yL2NvZGUvQ2VkcmljTG9yL0NBRlJGQy9XYWdvbi9wdWJsaWMvc2FtcGxlcy9wbGFjZWhvbGRlcnMvNjQweDQ4MC5qcGVnIl0sWyJwIiwidGh1bWIiLCI0MDB4MjAwIyJdXQ/01797ba82366c4d1/640x480.jpeg 304
I, [2015-11-30T06:31:19.391593 #23206]  INFO -- : DRAGONFLY: GET /steam/dynamic/W1siZmYiLCIvVXNlcnMvY2VkcmljbG9yL2NvZGUvQ2VkcmljTG9yL0NBRlJGQy9XYWdvbi9wdWJsaWMvc2FtcGxlcy9wbGFjZWhvbGRlcnMvMTI4MHg5NjAuZ2lmIl0sWyJwIiwidGh1bWIiLCI0MDB4MjAwIyJdXQ/9eb61390fb906a99/1280x960.gif 304
I, [2015-11-30T06:31:19.403424 #23206]  INFO -- : DRAGONFLY: GET /steam/dynamic/W1siZmYiLCIvVXNlcnMvY2VkcmljbG9yL2NvZGUvQ2VkcmljTG9yL0NBRlJGQy9XYWdvbi9wdWJsaWMvc2FtcGxlcy9wbGFjZWhvbGRlcnMvNzI0eDQ1Ni5naWYiXSxbInAiLCJ0aHVtYiIsIjQwMHgyMDAjIl1d/ca470f1a968fee3f/724x456.gif 304
I, [2015-11-30T06:32:14.490431 #23206]  INFO -- : DRAGONFLY: GET /steam/dynamic/W1siZmYiLCIvVXNlcnMvY2VkcmljbG9yL2NvZGUvQ2VkcmljTG9yL0NBRlJGQy9XYWdvbi9wdWJsaWMvc2FtcGxlcy9wbGFjZWhvbGRlcnMvNjQweDQ4MC5wbmciXSxbInAiLCJ0aHVtYiIsIjQwMHgyMDAjIl1d/e17b4e800657556c/640x480.png 304
I, [2015-11-30T06:32:14.515676 #23206]  INFO -- : DRAGONFLY: GET /steam/dynamic/W1siZmYiLCIvVXNlcnMvY2VkcmljbG9yL2NvZGUvQ2VkcmljTG9yL0NBRlJGQy9XYWdvbi9wdWJsaWMvc2FtcGxlcy9wbGFjZWhvbGRlcnMvMTAyNHg3NjguanBlZyJdLFsicCIsInRodW1iIiwiNDAweDIwMCMiXV0/ce6ca05ed27f38c3/1024x768.jpeg 304
I, [2015-11-30T06:32:14.631383 #23206]  INFO -- : DRAGONFLY: GET /steam/dynamic/W1siZmYiLCIvVXNlcnMvY2VkcmljbG9yL2NvZGUvQ2VkcmljTG9yL0NBRlJGQy9XYWdvbi9wdWJsaWMvc2FtcGxlcy9wbGFjZWhvbGRlcnMvODAweDYwMC5qcGciXSxbInAiLCJ0aHVtYiIsIjQwMHgyMDAjIl1d/289af73f466e91ea/800x600.jpg 304
I, [2015-11-30T06:32:14.662591 #23206]  INFO -- : DRAGONFLY: GET /steam/dynamic/W1siZmYiLCIvVXNlcnMvY2VkcmljbG9yL2NvZGUvQ2VkcmljTG9yL0NBRlJGQy9XYWdvbi9wdWJsaWMvc2FtcGxlcy9wbGFjZWhvbGRlcnMvNzI0eDQ1Ni5qcGVnIl0sWyJwIiwidGh1bWIiLCI0MDB4MjAwIyJdXQ/e3bf329904cd32be/724x456.jpeg 304
I, [2015-11-30T06:32:14.689502 #23206]  INFO -- : DRAGONFLY: GET /steam/dynamic/W1siZmYiLCIvVXNlcnMvY2VkcmljbG9yL2NvZGUvQ2VkcmljTG9yL0NBRlJGQy9XYWdvbi9wdWJsaWMvc2FtcGxlcy9wbGFjZWhvbGRlcnMvMTI4MHg5NjAuanBlZyJdLFsicCIsInRodW1iIiwiNDAweDIwMCMiXV0/66a6026d7f51a904/1280x960.jpeg 304
I, [2015-11-30T06:32:14.714359 #23206]  INFO -- : DRAGONFLY: GET /steam/dynamic/W1siZmYiLCIvVXNlcnMvY2VkcmljbG9yL2NvZGUvQ2VkcmljTG9yL0NBRlJGQy9XYWdvbi9wdWJsaWMvc2FtcGxlcy9wbGFjZWhvbGRlcnMvNzI0eDQ1Ni5qcGciXSxbInAiLCJ0aHVtYiIsIjQwMHgyMDAjIl1d/855da91793e94864/724x456.jpg 304
I, [2015-11-30T06:32:14.733347 #23206]  INFO -- : DRAGONFLY: GET /steam/dynamic/W1siZmYiLCIvVXNlcnMvY2VkcmljbG9yL2NvZGUvQ2VkcmljTG9yL0NBRlJGQy9XYWdvbi9wdWJsaWMvc2FtcGxlcy9wbGFjZWhvbGRlcnMvMTAyNHg3NjgucG5nIl0sWyJwIiwidGh1bWIiLCI0MDB4MjAwIyJdXQ/b2881a6bc72a13da/1024x768.png 304
I, [2015-11-30T06:32:14.744631 #23206]  INFO -- : DRAGONFLY: GET /steam/dynamic/W1siZmYiLCIvVXNlcnMvY2VkcmljbG9yL2NvZGUvQ2VkcmljTG9yL0NBRlJGQy9XYWdvbi9wdWJsaWMvc2FtcGxlcy9wbGFjZWhvbGRlcnMvMTUzNngxMTgwLmpwZyJdLFsicCIsInRodW1iIiwiNDAweDIwMCMiXV0/0f346bea9b2dc91c/1536x1180.jpg 304
I, [2015-11-30T06:32:14.756768 #23206]  INFO -- : DRAGONFLY: GET /steam/dynamic/W1siZmYiLCIvVXNlcnMvY2VkcmljbG9yL2NvZGUvQ2VkcmljTG9yL0NBRlJGQy9XYWdvbi9wdWJsaWMvc2FtcGxlcy9wbGFjZWhvbGRlcnMvODAweDQ1MC5qcGciXSxbInAiLCJ0aHVtYiIsIjQwMHgyMDAjIl1d/3183d44c47540279/800x450.jpg 304
I, [2015-11-30T06:32:14.767541 #23206]  INFO -- : DRAGONFLY: GET /steam/dynamic/W1siZmYiLCIvVXNlcnMvY2VkcmljbG9yL2NvZGUvQ2VkcmljTG9yL0NBRlJGQy9XYWdvbi9wdWJsaWMvc2FtcGxlcy9wbGFjZWhvbGRlcnMvODAweDQ1MC5naWYiXSxbInAiLCJ0aHVtYiIsIjQwMHgyMDAjIl1d/1afaa7bab5b8e0f0/800x450.gif 304
I, [2015-11-30T06:32:14.777884 #23206]  INFO -- : DRAGONFLY: GET /steam/dynamic/W1siZmYiLCIvVXNlcnMvY2VkcmljbG9yL2NvZGUvQ2VkcmljTG9yL0NBRlJGQy9XYWdvbi9wdWJsaWMvc2FtcGxlcy9wbGFjZWhvbGRlcnMvODAweDYwMC5wbmciXSxbInAiLCJ0aHVtYiIsIjQwMHgyMDAjIl1d/146d48bda67c96cd/800x600.png 304
I, [2015-11-30T06:32:14.826263 #23206]  INFO -- : DRAGONFLY: GET /steam/dynamic/W1siZmYiLCIvVXNlcnMvY2VkcmljbG9yL2NvZGUvQ2VkcmljTG9yL0NBRlJGQy9XYWdvbi9wdWJsaWMvc2FtcGxlcy9wbGFjZWhvbGRlcnMvNzI0eDQ1Ni5wbmciXSxbInAiLCJ0aHVtYiIsIjQwMHgyMDAjIl1d/7d308d7525d0a0ae/724x456.png 304
I, [2015-11-30T06:32:14.914293 #23206]  INFO -- : DRAGONFLY: GET /steam/dynamic/W1siZmYiLCIvVXNlcnMvY2VkcmljbG9yL2NvZGUvQ2VkcmljTG9yL0NBRlJGQy9XYWdvbi9wdWJsaWMvc2FtcGxlcy9wbGFjZWhvbGRlcnMvNDUweDMzOC5wbmciXSxbInAiLCJ0aHVtYiIsIjQwMHgyMDAjIl1d/746c9771a5e4f589/450x338.png 304
I, [2015-11-30T06:32:14.926629 #23206]  INFO -- : DRAGONFLY: GET /steam/dynamic/W1siZmYiLCIvVXNlcnMvY2VkcmljbG9yL2NvZGUvQ2VkcmljTG9yL0NBRlJGQy9XYWdvbi9wdWJsaWMvc2FtcGxlcy9wbGFjZWhvbGRlcnMvNjQweDQ4MC5qcGVnIl0sWyJwIiwidGh1bWIiLCI0MDB4MjAwIyJdXQ/01797ba82366c4d1/640x480.jpeg 304
I, [2015-11-30T06:32:14.938612 #23206]  INFO -- : DRAGONFLY: GET /steam/dynamic/W1siZmYiLCIvVXNlcnMvY2VkcmljbG9yL2NvZGUvQ2VkcmljTG9yL0NBRlJGQy9XYWdvbi9wdWJsaWMvc2FtcGxlcy9wbGFjZWhvbGRlcnMvMTI4MHg5NjAuZ2lmIl0sWyJwIiwidGh1bWIiLCI0MDB4MjAwIyJdXQ/9eb61390fb906a99/1280x960.gif 304
I, [2015-11-30T06:32:14.951544 #23206]  INFO -- : DRAGONFLY: GET /steam/dynamic/W1siZmYiLCIvVXNlcnMvY2VkcmljbG9yL2NvZGUvQ2VkcmljTG9yL0NBRlJGQy9XYWdvbi9wdWJsaWMvc2FtcGxlcy9wbGFjZWhvbGRlcnMvNzI0eDQ1Ni5naWYiXSxbInAiLCJ0aHVtYiIsIjQwMHgyMDAjIl1d/ca470f1a968fee3f/724x456.gif 304
I, [2015-11-30T09:25:39.498684 #23206]  INFO -- : DRAGONFLY: GET /steam/dynamic/W1siZmYiLCIvVXNlcnMvY2VkcmljbG9yL2NvZGUvQ2VkcmljTG9yL0NBRlJGQy9XYWdvbi9wdWJsaWMvc2FtcGxlcy9wbGFjZWhvbGRlcnMvNjQweDQ4MC5wbmciXSxbInAiLCJ0aHVtYiIsIjQwMHgyMDAjIl1d/e17b4e800657556c/640x480.png 304
I, [2015-11-30T09:25:39.513727 #23206]  INFO -- : DRAGONFLY: GET /steam/dynamic/W1siZmYiLCIvVXNlcnMvY2VkcmljbG9yL2NvZGUvQ2VkcmljTG9yL0NBRlJGQy9XYWdvbi9wdWJsaWMvc2FtcGxlcy9wbGFjZWhvbGRlcnMvMTAyNHg3NjguanBlZyJdLFsicCIsInRodW1iIiwiNDAweDIwMCMiXV0/ce6ca05ed27f38c3/1024x768.jpeg 304
I, [2015-11-30T09:25:39.521505 #23206]  INFO -- : DRAGONFLY: GET /steam/dynamic/W1siZmYiLCIvVXNlcnMvY2VkcmljbG9yL2NvZGUvQ2VkcmljTG9yL0NBRlJGQy9XYWdvbi9wdWJsaWMvc2FtcGxlcy9wbGFjZWhvbGRlcnMvODAweDYwMC5qcGciXSxbInAiLCJ0aHVtYiIsIjQwMHgyMDAjIl1d/289af73f466e91ea/800x600.jpg 304
I, [2015-11-30T09:25:39.532989 #23206]  INFO -- : DRAGONFLY: GET /steam/dynamic/W1siZmYiLCIvVXNlcnMvY2VkcmljbG9yL2NvZGUvQ2VkcmljTG9yL0NBRlJGQy9XYWdvbi9wdWJsaWMvc2FtcGxlcy9wbGFjZWhvbGRlcnMvNzI0eDQ1Ni5qcGVnIl0sWyJwIiwidGh1bWIiLCI0MDB4MjAwIyJdXQ/e3bf329904cd32be/724x456.jpeg 304
I, [2015-11-30T09:25:39.539977 #23206]  INFO -- : DRAGONFLY: GET /steam/dynamic/W1siZmYiLCIvVXNlcnMvY2VkcmljbG9yL2NvZGUvQ2VkcmljTG9yL0NBRlJGQy9XYWdvbi9wdWJsaWMvc2FtcGxlcy9wbGFjZWhvbGRlcnMvMTI4MHg5NjAuanBlZyJdLFsicCIsInRodW1iIiwiNDAweDIwMCMiXV0/66a6026d7f51a904/1280x960.jpeg 304
I, [2015-11-30T09:25:39.547155 #23206]  INFO -- : DRAGONFLY: GET /steam/dynamic/W1siZmYiLCIvVXNlcnMvY2VkcmljbG9yL2NvZGUvQ2VkcmljTG9yL0NBRlJGQy9XYWdvbi9wdWJsaWMvc2FtcGxlcy9wbGFjZWhvbGRlcnMvNzI0eDQ1Ni5qcGciXSxbInAiLCJ0aHVtYiIsIjQwMHgyMDAjIl1d/855da91793e94864/724x456.jpg 304
I, [2015-11-30T09:25:39.553961 #23206]  INFO -- : DRAGONFLY: GET /steam/dynamic/W1siZmYiLCIvVXNlcnMvY2VkcmljbG9yL2NvZGUvQ2VkcmljTG9yL0NBRlJGQy9XYWdvbi9wdWJsaWMvc2FtcGxlcy9wbGFjZWhvbGRlcnMvMTAyNHg3NjgucG5nIl0sWyJwIiwidGh1bWIiLCI0MDB4MjAwIyJdXQ/b2881a6bc72a13da/1024x768.png 304
I, [2015-11-30T09:25:39.565929 #23206]  INFO -- : DRAGONFLY: GET /steam/dynamic/W1siZmYiLCIvVXNlcnMvY2VkcmljbG9yL2NvZGUvQ2VkcmljTG9yL0NBRlJGQy9XYWdvbi9wdWJsaWMvc2FtcGxlcy9wbGFjZWhvbGRlcnMvMTUzNngxMTgwLmpwZyJdLFsicCIsInRodW1iIiwiNDAweDIwMCMiXV0/0f346bea9b2dc91c/1536x1180.jpg 304
I, [2015-11-30T09:25:39.573457 #23206]  INFO -- : DRAGONFLY: GET /steam/dynamic/W1siZmYiLCIvVXNlcnMvY2VkcmljbG9yL2NvZGUvQ2VkcmljTG9yL0NBRlJGQy9XYWdvbi9wdWJsaWMvc2FtcGxlcy9wbGFjZWhvbGRlcnMvODAweDQ1MC5qcGciXSxbInAiLCJ0aHVtYiIsIjQwMHgyMDAjIl1d/3183d44c47540279/800x450.jpg 304
I, [2015-11-30T09:25:39.584127 #23206]  INFO -- : DRAGONFLY: GET /steam/dynamic/W1siZmYiLCIvVXNlcnMvY2VkcmljbG9yL2NvZGUvQ2VkcmljTG9yL0NBRlJGQy9XYWdvbi9wdWJsaWMvc2FtcGxlcy9wbGFjZWhvbGRlcnMvODAweDQ1MC5naWYiXSxbInAiLCJ0aHVtYiIsIjQwMHgyMDAjIl1d/1afaa7bab5b8e0f0/800x450.gif 304
I, [2015-11-30T09:25:39.593405 #23206]  INFO -- : DRAGONFLY: GET /steam/dynamic/W1siZmYiLCIvVXNlcnMvY2VkcmljbG9yL2NvZGUvQ2VkcmljTG9yL0NBRlJGQy9XYWdvbi9wdWJsaWMvc2FtcGxlcy9wbGFjZWhvbGRlcnMvODAweDYwMC5wbmciXSxbInAiLCJ0aHVtYiIsIjQwMHgyMDAjIl1d/146d48bda67c96cd/800x600.png 304
I, [2015-11-30T09:25:39.603760 #23206]  INFO -- : DRAGONFLY: GET /steam/dynamic/W1siZmYiLCIvVXNlcnMvY2VkcmljbG9yL2NvZGUvQ2VkcmljTG9yL0NBRlJGQy9XYWdvbi9wdWJsaWMvc2FtcGxlcy9wbGFjZWhvbGRlcnMvNzI0eDQ1Ni5wbmciXSxbInAiLCJ0aHVtYiIsIjQwMHgyMDAjIl1d/7d308d7525d0a0ae/724x456.png 304
I, [2015-11-30T09:25:39.611145 #23206]  INFO -- : DRAGONFLY: GET /steam/dynamic/W1siZmYiLCIvVXNlcnMvY2VkcmljbG9yL2NvZGUvQ2VkcmljTG9yL0NBRlJGQy9XYWdvbi9wdWJsaWMvc2FtcGxlcy9wbGFjZWhvbGRlcnMvNDUweDMzOC5wbmciXSxbInAiLCJ0aHVtYiIsIjQwMHgyMDAjIl1d/746c9771a5e4f589/450x338.png 304
I, [2015-11-30T09:25:39.619894 #23206]  INFO -- : DRAGONFLY: GET /steam/dynamic/W1siZmYiLCIvVXNlcnMvY2VkcmljbG9yL2NvZGUvQ2VkcmljTG9yL0NBRlJGQy9XYWdvbi9wdWJsaWMvc2FtcGxlcy9wbGFjZWhvbGRlcnMvNjQweDQ4MC5qcGVnIl0sWyJwIiwidGh1bWIiLCI0MDB4MjAwIyJdXQ/01797ba82366c4d1/640x480.jpeg 304
I, [2015-11-30T09:25:39.628132 #23206]  INFO -- : DRAGONFLY: GET /steam/dynamic/W1siZmYiLCIvVXNlcnMvY2VkcmljbG9yL2NvZGUvQ2VkcmljTG9yL0NBRlJGQy9XYWdvbi9wdWJsaWMvc2FtcGxlcy9wbGFjZWhvbGRlcnMvMTI4MHg5NjAuZ2lmIl0sWyJwIiwidGh1bWIiLCI0MDB4MjAwIyJdXQ/9eb61390fb906a99/1280x960.gif 304
I, [2015-11-30T09:25:39.635740 #23206]  INFO -- : DRAGONFLY: GET /steam/dynamic/W1siZmYiLCIvVXNlcnMvY2VkcmljbG9yL2NvZGUvQ2VkcmljTG9yL0NBRlJGQy9XYWdvbi9wdWJsaWMvc2FtcGxlcy9wbGFjZWhvbGRlcnMvNzI0eDQ1Ni5naWYiXSxbInAiLCJ0aHVtYiIsIjQwMHgyMDAjIl1d/ca470f1a968fee3f/724x456.gif 304
I, [2015-11-30T10:54:12.385099 #23206]  INFO -- : DRAGONFLY: GET /steam/dynamic/W1siZmYiLCIvVXNlcnMvY2VkcmljbG9yL2NvZGUvQ2VkcmljTG9yL0NBRlJGQy9XYWdvbi9wdWJsaWMvc2FtcGxlcy9wbGFjZWhvbGRlcnMvNjQweDQ4MC5wbmciXSxbInAiLCJ0aHVtYiIsIjQwMHgyMDAjIl1d/e17b4e800657556c/640x480.png 304
I, [2015-11-30T10:54:12.416670 #23206]  INFO -- : DRAGONFLY: GET /steam/dynamic/W1siZmYiLCIvVXNlcnMvY2VkcmljbG9yL2NvZGUvQ2VkcmljTG9yL0NBRlJGQy9XYWdvbi9wdWJsaWMvc2FtcGxlcy9wbGFjZWhvbGRlcnMvMTAyNHg3NjguanBlZyJdLFsicCIsInRodW1iIiwiNDAweDIwMCMiXV0/ce6ca05ed27f38c3/1024x768.jpeg 304
I, [2015-11-30T10:54:12.459765 #23206]  INFO -- : DRAGONFLY: GET /steam/dynamic/W1siZmYiLCIvVXNlcnMvY2VkcmljbG9yL2NvZGUvQ2VkcmljTG9yL0NBRlJGQy9XYWdvbi9wdWJsaWMvc2FtcGxlcy9wbGFjZWhvbGRlcnMvODAweDYwMC5qcGciXSxbInAiLCJ0aHVtYiIsIjQwMHgyMDAjIl1d/289af73f466e91ea/800x600.jpg 304
I, [2015-11-30T10:54:12.479996 #23206]  INFO -- : DRAGONFLY: GET /steam/dynamic/W1siZmYiLCIvVXNlcnMvY2VkcmljbG9yL2NvZGUvQ2VkcmljTG9yL0NBRlJGQy9XYWdvbi9wdWJsaWMvc2FtcGxlcy9wbGFjZWhvbGRlcnMvNzI0eDQ1Ni5qcGVnIl0sWyJwIiwidGh1bWIiLCI0MDB4MjAwIyJdXQ/e3bf329904cd32be/724x456.jpeg 304
I, [2015-11-30T10:54:12.490145 #23206]  INFO -- : DRAGONFLY: GET /steam/dynamic/W1siZmYiLCIvVXNlcnMvY2VkcmljbG9yL2NvZGUvQ2VkcmljTG9yL0NBRlJGQy9XYWdvbi9wdWJsaWMvc2FtcGxlcy9wbGFjZWhvbGRlcnMvMTI4MHg5NjAuanBlZyJdLFsicCIsInRodW1iIiwiNDAweDIwMCMiXV0/66a6026d7f51a904/1280x960.jpeg 304
I, [2015-11-30T10:54:12.499331 #23206]  INFO -- : DRAGONFLY: GET /steam/dynamic/W1siZmYiLCIvVXNlcnMvY2VkcmljbG9yL2NvZGUvQ2VkcmljTG9yL0NBRlJGQy9XYWdvbi9wdWJsaWMvc2FtcGxlcy9wbGFjZWhvbGRlcnMvNzI0eDQ1Ni5qcGciXSxbInAiLCJ0aHVtYiIsIjQwMHgyMDAjIl1d/855da91793e94864/724x456.jpg 304
I, [2015-11-30T10:54:12.512739 #23206]  INFO -- : DRAGONFLY: GET /steam/dynamic/W1siZmYiLCIvVXNlcnMvY2VkcmljbG9yL2NvZGUvQ2VkcmljTG9yL0NBRlJGQy9XYWdvbi9wdWJsaWMvc2FtcGxlcy9wbGFjZWhvbGRlcnMvMTAyNHg3NjgucG5nIl0sWyJwIiwidGh1bWIiLCI0MDB4MjAwIyJdXQ/b2881a6bc72a13da/1024x768.png 304
I, [2015-11-30T10:54:12.543507 #23206]  INFO -- : DRAGONFLY: GET /steam/dynamic/W1siZmYiLCIvVXNlcnMvY2VkcmljbG9yL2NvZGUvQ2VkcmljTG9yL0NBRlJGQy9XYWdvbi9wdWJsaWMvc2FtcGxlcy9wbGFjZWhvbGRlcnMvMTUzNngxMTgwLmpwZyJdLFsicCIsInRodW1iIiwiNDAweDIwMCMiXV0/0f346bea9b2dc91c/1536x1180.jpg 304
I, [2015-11-30T10:54:12.556609 #23206]  INFO -- : DRAGONFLY: GET /steam/dynamic/W1siZmYiLCIvVXNlcnMvY2VkcmljbG9yL2NvZGUvQ2VkcmljTG9yL0NBRlJGQy9XYWdvbi9wdWJsaWMvc2FtcGxlcy9wbGFjZWhvbGRlcnMvODAweDQ1MC5qcGciXSxbInAiLCJ0aHVtYiIsIjQwMHgyMDAjIl1d/3183d44c47540279/800x450.jpg 304
I, [2015-11-30T10:54:12.567509 #23206]  INFO -- : DRAGONFLY: GET /steam/dynamic/W1siZmYiLCIvVXNlcnMvY2VkcmljbG9yL2NvZGUvQ2VkcmljTG9yL0NBRlJGQy9XYWdvbi9wdWJsaWMvc2FtcGxlcy9wbGFjZWhvbGRlcnMvODAweDQ1MC5naWYiXSxbInAiLCJ0aHVtYiIsIjQwMHgyMDAjIl1d/1afaa7bab5b8e0f0/800x450.gif 304
I, [2015-11-30T10:54:12.579967 #23206]  INFO -- : DRAGONFLY: GET /steam/dynamic/W1siZmYiLCIvVXNlcnMvY2VkcmljbG9yL2NvZGUvQ2VkcmljTG9yL0NBRlJGQy9XYWdvbi9wdWJsaWMvc2FtcGxlcy9wbGFjZWhvbGRlcnMvODAweDYwMC5wbmciXSxbInAiLCJ0aHVtYiIsIjQwMHgyMDAjIl1d/146d48bda67c96cd/800x600.png 304
I, [2015-11-30T10:54:12.588302 #23206]  INFO -- : DRAGONFLY: GET /steam/dynamic/W1siZmYiLCIvVXNlcnMvY2VkcmljbG9yL2NvZGUvQ2VkcmljTG9yL0NBRlJGQy9XYWdvbi9wdWJsaWMvc2FtcGxlcy9wbGFjZWhvbGRlcnMvNzI0eDQ1Ni5wbmciXSxbInAiLCJ0aHVtYiIsIjQwMHgyMDAjIl1d/7d308d7525d0a0ae/724x456.png 304
I, [2015-11-30T10:54:12.599243 #23206]  INFO -- : DRAGONFLY: GET /steam/dynamic/W1siZmYiLCIvVXNlcnMvY2VkcmljbG9yL2NvZGUvQ2VkcmljTG9yL0NBRlJGQy9XYWdvbi9wdWJsaWMvc2FtcGxlcy9wbGFjZWhvbGRlcnMvNDUweDMzOC5wbmciXSxbInAiLCJ0aHVtYiIsIjQwMHgyMDAjIl1d/746c9771a5e4f589/450x338.png 304
I, [2015-11-30T10:54:12.610613 #23206]  INFO -- : DRAGONFLY: GET /steam/dynamic/W1siZmYiLCIvVXNlcnMvY2VkcmljbG9yL2NvZGUvQ2VkcmljTG9yL0NBRlJGQy9XYWdvbi9wdWJsaWMvc2FtcGxlcy9wbGFjZWhvbGRlcnMvNjQweDQ4MC5qcGVnIl0sWyJwIiwidGh1bWIiLCI0MDB4MjAwIyJdXQ/01797ba82366c4d1/640x480.jpeg 304
I, [2015-11-30T10:54:12.618645 #23206]  INFO -- : DRAGONFLY: GET /steam/dynamic/W1siZmYiLCIvVXNlcnMvY2VkcmljbG9yL2NvZGUvQ2VkcmljTG9yL0NBRlJGQy9XYWdvbi9wdWJsaWMvc2FtcGxlcy9wbGFjZWhvbGRlcnMvMTI4MHg5NjAuZ2lmIl0sWyJwIiwidGh1bWIiLCI0MDB4MjAwIyJdXQ/9eb61390fb906a99/1280x960.gif 304
I, [2015-11-30T10:54:12.626763 #23206]  INFO -- : DRAGONFLY: GET /steam/dynamic/W1siZmYiLCIvVXNlcnMvY2VkcmljbG9yL2NvZGUvQ2VkcmljTG9yL0NBRlJGQy9XYWdvbi9wdWJsaWMvc2FtcGxlcy9wbGFjZWhvbGRlcnMvNzI0eDQ1Ni5naWYiXSxbInAiLCJ0aHVtYiIsIjQwMHgyMDAjIl1d/ca470f1a968fee3f/724x456.gif 304
D, [2015-11-30T13:01:55.290224 #23206] DEBUG -- : DRAGONFLY: shell command: '/usr/local/bin/convert' '/Users/cedriclor/code/CedricLor/CAFRFC/Wagon/public/samples/placeholders/1280x960.jpg' '-resize' '350x300^^' '-gravity' 'Center' '-crop' '350x300+0+0' '+repage' '/var/folders/2b/34sqn8dj6_j2bwzf371n7kfm0000gn/T/dragonfly20151130-23206-sljjav.jpg'
D, [2015-11-30T13:01:55.297162 #23206] DEBUG -- : DRAGONFLY: shell command: '/usr/local/bin/convert' '/Users/cedriclor/code/CedricLor/CAFRFC/Wagon/public/samples/placeholders/800x600.jpeg' '-resize' '350x300^^' '-gravity' 'Center' '-crop' '350x300+0+0' '+repage' '/var/folders/2b/34sqn8dj6_j2bwzf371n7kfm0000gn/T/dragonfly20151130-23206-17nw6sr.jpeg'
D, [2015-11-30T13:01:55.304554 #23206] DEBUG -- : DRAGONFLY: shell command: '/usr/local/bin/convert' '/Users/cedriclor/code/CedricLor/CAFRFC/Wagon/public/samples/placeholders/1536x1180.jpg' '-resize' '350x300^^' '-gravity' 'Center' '-crop' '350x300+0+0' '+repage' '/var/folders/2b/34sqn8dj6_j2bwzf371n7kfm0000gn/T/dragonfly20151130-23206-1bgbqp8.jpg'
D, [2015-11-30T13:01:55.314716 #23206] DEBUG -- : DRAGONFLY: shell command: '/usr/local/bin/convert' '/Users/cedriclor/code/CedricLor/CAFRFC/Wagon/public/samples/placeholders/800x600.gif' '-resize' '350x300^^' '-gravity' 'Center' '-crop' '350x300+0+0' '+repage' '/var/folders/2b/34sqn8dj6_j2bwzf371n7kfm0000gn/T/dragonfly20151130-23206-8ow1t3.gif'
D, [2015-11-30T13:01:55.321064 #23206] DEBUG -- : DRAGONFLY: shell command: '/usr/local/bin/convert' '/Users/cedriclor/code/CedricLor/CAFRFC/Wagon/public/samples/placeholders/724x456.gif' '-resize' '350x300^^' '-gravity' 'Center' '-crop' '350x300+0+0' '+repage' '/var/folders/2b/34sqn8dj6_j2bwzf371n7kfm0000gn/T/dragonfly20151130-23206-1b0tbtr.gif'
D, [2015-11-30T13:01:55.324328 #23206] DEBUG -- : DRAGONFLY: shell command: '/usr/local/bin/convert' '/Users/cedriclor/code/CedricLor/CAFRFC/Wagon/public/samples/placeholders/1024x768.jpeg' '-resize' '350x300^^' '-gravity' 'Center' '-crop' '350x300+0+0' '+repage' '/var/folders/2b/34sqn8dj6_j2bwzf371n7kfm0000gn/T/dragonfly20151130-23206-115n75i.jpeg'
I, [2015-11-30T13:01:55.719938 #23206]  INFO -- : DRAGONFLY: GET /steam/dynamic/W1siZmYiLCIvVXNlcnMvY2VkcmljbG9yL2NvZGUvQ2VkcmljTG9yL0NBRlJGQy9XYWdvbi9wdWJsaWMvc2FtcGxlcy9wbGFjZWhvbGRlcnMvNzI0eDQ1Ni5naWYiXSxbInAiLCJ0aHVtYiIsIjM1MHgzMDAjIl1d/04558b03cc31c689/724x456.gif 200
D, [2015-11-30T13:01:55.730380 #23206] DEBUG -- : DRAGONFLY: shell command: '/usr/local/bin/convert' '/Users/cedriclor/code/CedricLor/CAFRFC/Wagon/public/samples/placeholders/724x456.png' '-resize' '350x300^^' '-gravity' 'Center' '-crop' '350x300+0+0' '+repage' '/var/folders/2b/34sqn8dj6_j2bwzf371n7kfm0000gn/T/dragonfly20151130-23206-bs1nqi.png'
I, [2015-11-30T13:01:55.812485 #23206]  INFO -- : DRAGONFLY: GET /steam/dynamic/W1siZmYiLCIvVXNlcnMvY2VkcmljbG9yL2NvZGUvQ2VkcmljTG9yL0NBRlJGQy9XYWdvbi9wdWJsaWMvc2FtcGxlcy9wbGFjZWhvbGRlcnMvNzI0eDQ1Ni5wbmciXSxbInAiLCJ0aHVtYiIsIjM1MHgzMDAjIl1d/c6cc3b0dac1ba7e2/724x456.png 200
D, [2015-11-30T13:01:55.823088 #23206] DEBUG -- : DRAGONFLY: shell command: '/usr/local/bin/convert' '/Users/cedriclor/code/CedricLor/CAFRFC/Wagon/public/samples/placeholders/1536x1180.jpeg' '-resize' '350x300^^' '-gravity' 'Center' '-crop' '350x300+0+0' '+repage' '/var/folders/2b/34sqn8dj6_j2bwzf371n7kfm0000gn/T/dragonfly20151130-23206-1p7mh5t.jpeg'
I, [2015-11-30T13:01:55.895852 #23206]  INFO -- : DRAGONFLY: GET /steam/dynamic/W1siZmYiLCIvVXNlcnMvY2VkcmljbG9yL2NvZGUvQ2VkcmljTG9yL0NBRlJGQy9XYWdvbi9wdWJsaWMvc2FtcGxlcy9wbGFjZWhvbGRlcnMvODAweDYwMC5qcGVnIl0sWyJwIiwidGh1bWIiLCIzNTB4MzAwIyJdXQ/e0dd6682b41b5730/800x600.jpeg 200
D, [2015-11-30T13:01:55.907640 #23206] DEBUG -- : DRAGONFLY: shell command: '/usr/local/bin/convert' '/Users/cedriclor/code/CedricLor/CAFRFC/Wagon/public/samples/placeholders/724x456.jpeg' '-resize' '350x300^^' '-gravity' 'Center' '-crop' '350x300+0+0' '+repage' '/var/folders/2b/34sqn8dj6_j2bwzf371n7kfm0000gn/T/dragonfly20151130-23206-1eu5iou.jpeg'
I, [2015-11-30T13:01:55.921992 #23206]  INFO -- : DRAGONFLY: GET /steam/dynamic/W1siZmYiLCIvVXNlcnMvY2VkcmljbG9yL2NvZGUvQ2VkcmljTG9yL0NBRlJGQy9XYWdvbi9wdWJsaWMvc2FtcGxlcy9wbGFjZWhvbGRlcnMvODAweDYwMC5naWYiXSxbInAiLCJ0aHVtYiIsIjM1MHgzMDAjIl1d/a13955a18d5c16d9/800x600.gif 200
I, [2015-11-30T13:01:56.020178 #23206]  INFO -- : DRAGONFLY: GET /steam/dynamic/W1siZmYiLCIvVXNlcnMvY2VkcmljbG9yL2NvZGUvQ2VkcmljTG9yL0NBRlJGQy9XYWdvbi9wdWJsaWMvc2FtcGxlcy9wbGFjZWhvbGRlcnMvMTAyNHg3NjguanBlZyJdLFsicCIsInRodW1iIiwiMzUweDMwMCMiXV0/7cde623df8b47556/1024x768.jpeg 200
I, [2015-11-30T13:01:56.059497 #23206]  INFO -- : DRAGONFLY: GET /steam/dynamic/W1siZmYiLCIvVXNlcnMvY2VkcmljbG9yL2NvZGUvQ2VkcmljTG9yL0NBRlJGQy9XYWdvbi9wdWJsaWMvc2FtcGxlcy9wbGFjZWhvbGRlcnMvNzI0eDQ1Ni5qcGVnIl0sWyJwIiwidGh1bWIiLCIzNTB4MzAwIyJdXQ/50fa9bd85b1e2ac5/724x456.jpeg 200
I, [2015-11-30T13:01:56.170271 #23206]  INFO -- : DRAGONFLY: GET /steam/dynamic/W1siZmYiLCIvVXNlcnMvY2VkcmljbG9yL2NvZGUvQ2VkcmljTG9yL0NBRlJGQy9XYWdvbi9wdWJsaWMvc2FtcGxlcy9wbGFjZWhvbGRlcnMvMTI4MHg5NjAuanBnIl0sWyJwIiwidGh1bWIiLCIzNTB4MzAwIyJdXQ/c68233d8176dc8f7/1280x960.jpg 200
I, [2015-11-30T13:01:56.286843 #23206]  INFO -- : DRAGONFLY: GET /steam/dynamic/W1siZmYiLCIvVXNlcnMvY2VkcmljbG9yL2NvZGUvQ2VkcmljTG9yL0NBRlJGQy9XYWdvbi9wdWJsaWMvc2FtcGxlcy9wbGFjZWhvbGRlcnMvMTUzNngxMTgwLmpwZyJdLFsicCIsInRodW1iIiwiMzUweDMwMCMiXV0/52b5f353a52b210d/1536x1180.jpg 200
I, [2015-11-30T13:01:56.315496 #23206]  INFO -- : DRAGONFLY: GET /steam/dynamic/W1siZmYiLCIvVXNlcnMvY2VkcmljbG9yL2NvZGUvQ2VkcmljTG9yL0NBRlJGQy9XYWdvbi9wdWJsaWMvc2FtcGxlcy9wbGFjZWhvbGRlcnMvMTUzNngxMTgwLmpwZWciXSxbInAiLCJ0aHVtYiIsIjM1MHgzMDAjIl1d/e0df6e2c412eca24/1536x1180.jpeg 200
I, [2015-12-01T15:58:17.974735 #45524]  INFO -- : DRAGONFLY: GET /steam/dynamic/W1siZmYiLCIvVXNlcnMvY2VkcmljbG9yL2NvZGUvQ2VkcmljTG9yL0NBRlJGQy9XYWdvbi9wdWJsaWMvc2FtcGxlcy9wbGFjZWhvbGRlcnMvNjQweDQ4MC5wbmciXSxbInAiLCJ0aHVtYiIsIjQwMHgyMDAjIl1d/e17b4e800657556c/640x480.png 304
I, [2015-12-01T15:58:17.982704 #45524]  INFO -- : DRAGONFLY: GET /steam/dynamic/W1siZmYiLCIvVXNlcnMvY2VkcmljbG9yL2NvZGUvQ2VkcmljTG9yL0NBRlJGQy9XYWdvbi9wdWJsaWMvc2FtcGxlcy9wbGFjZWhvbGRlcnMvODAweDYwMC5qcGciXSxbInAiLCJ0aHVtYiIsIjQwMHgyMDAjIl1d/289af73f466e91ea/800x600.jpg 304
I, [2015-12-01T15:58:17.988228 #45524]  INFO -- : DRAGONFLY: GET /steam/dynamic/W1siZmYiLCIvVXNlcnMvY2VkcmljbG9yL2NvZGUvQ2VkcmljTG9yL0NBRlJGQy9XYWdvbi9wdWJsaWMvc2FtcGxlcy9wbGFjZWhvbGRlcnMvMTAyNHg3NjguanBlZyJdLFsicCIsInRodW1iIiwiNDAweDIwMCMiXV0/ce6ca05ed27f38c3/1024x768.jpeg 304
I, [2015-12-01T15:58:17.993296 #45524]  INFO -- : DRAGONFLY: GET /steam/dynamic/W1siZmYiLCIvVXNlcnMvY2VkcmljbG9yL2NvZGUvQ2VkcmljTG9yL0NBRlJGQy9XYWdvbi9wdWJsaWMvc2FtcGxlcy9wbGFjZWhvbGRlcnMvMTAyNHg3NjgucG5nIl0sWyJwIiwidGh1bWIiLCI0MDB4MjAwIyJdXQ/b2881a6bc72a13da/1024x768.png 304
I, [2015-12-01T15:58:17.997417 #45524]  INFO -- : DRAGONFLY: GET /steam/dynamic/W1siZmYiLCIvVXNlcnMvY2VkcmljbG9yL2NvZGUvQ2VkcmljTG9yL0NBRlJGQy9XYWdvbi9wdWJsaWMvc2FtcGxlcy9wbGFjZWhvbGRlcnMvNzI0eDQ1Ni5qcGciXSxbInAiLCJ0aHVtYiIsIjQwMHgyMDAjIl1d/855da91793e94864/724x456.jpg 304
I, [2015-12-01T15:58:18.014627 #45524]  INFO -- : DRAGONFLY: GET /steam/dynamic/W1siZmYiLCIvVXNlcnMvY2VkcmljbG9yL2NvZGUvQ2VkcmljTG9yL0NBRlJGQy9XYWdvbi9wdWJsaWMvc2FtcGxlcy9wbGFjZWhvbGRlcnMvNzI0eDQ1Ni5qcGVnIl0sWyJwIiwidGh1bWIiLCI0MDB4MjAwIyJdXQ/e3bf329904cd32be/724x456.jpeg 304
I, [2015-12-01T15:58:18.025499 #45524]  INFO -- : DRAGONFLY: GET /steam/dynamic/W1siZmYiLCIvVXNlcnMvY2VkcmljbG9yL2NvZGUvQ2VkcmljTG9yL0NBRlJGQy9XYWdvbi9wdWJsaWMvc2FtcGxlcy9wbGFjZWhvbGRlcnMvMTUzNngxMTgwLmpwZyJdLFsicCIsInRodW1iIiwiNDAweDIwMCMiXV0/0f346bea9b2dc91c/1536x1180.jpg 304
I, [2015-12-01T15:58:18.029007 #45524]  INFO -- : DRAGONFLY: GET /steam/dynamic/W1siZmYiLCIvVXNlcnMvY2VkcmljbG9yL2NvZGUvQ2VkcmljTG9yL0NBRlJGQy9XYWdvbi9wdWJsaWMvc2FtcGxlcy9wbGFjZWhvbGRlcnMvODAweDYwMC5wbmciXSxbInAiLCJ0aHVtYiIsIjQwMHgyMDAjIl1d/146d48bda67c96cd/800x600.png 304
I, [2015-12-01T15:58:18.032407 #45524]  INFO -- : DRAGONFLY: GET /steam/dynamic/W1siZmYiLCIvVXNlcnMvY2VkcmljbG9yL2NvZGUvQ2VkcmljTG9yL0NBRlJGQy9XYWdvbi9wdWJsaWMvc2FtcGxlcy9wbGFjZWhvbGRlcnMvMTI4MHg5NjAuanBlZyJdLFsicCIsInRodW1iIiwiNDAweDIwMCMiXV0/66a6026d7f51a904/1280x960.jpeg 304
I, [2015-12-01T15:58:18.035881 #45524]  INFO -- : DRAGONFLY: GET /steam/dynamic/W1siZmYiLCIvVXNlcnMvY2VkcmljbG9yL2NvZGUvQ2VkcmljTG9yL0NBRlJGQy9XYWdvbi9wdWJsaWMvc2FtcGxlcy9wbGFjZWhvbGRlcnMvODAweDQ1MC5qcGciXSxbInAiLCJ0aHVtYiIsIjQwMHgyMDAjIl1d/3183d44c47540279/800x450.jpg 304
I, [2015-12-01T15:58:18.039728 #45524]  INFO -- : DRAGONFLY: GET /steam/dynamic/W1siZmYiLCIvVXNlcnMvY2VkcmljbG9yL2NvZGUvQ2VkcmljTG9yL0NBRlJGQy9XYWdvbi9wdWJsaWMvc2FtcGxlcy9wbGFjZWhvbGRlcnMvODAweDQ1MC5naWYiXSxbInAiLCJ0aHVtYiIsIjQwMHgyMDAjIl1d/1afaa7bab5b8e0f0/800x450.gif 304
I, [2015-12-01T15:58:18.044142 #45524]  INFO -- : DRAGONFLY: GET /steam/dynamic/W1siZmYiLCIvVXNlcnMvY2VkcmljbG9yL2NvZGUvQ2VkcmljTG9yL0NBRlJGQy9XYWdvbi9wdWJsaWMvc2FtcGxlcy9wbGFjZWhvbGRlcnMvNzI0eDQ1Ni5wbmciXSxbInAiLCJ0aHVtYiIsIjQwMHgyMDAjIl1d/7d308d7525d0a0ae/724x456.png 304
I, [2015-12-01T15:58:18.059591 #45524]  INFO -- : DRAGONFLY: GET /steam/dynamic/W1siZmYiLCIvVXNlcnMvY2VkcmljbG9yL2NvZGUvQ2VkcmljTG9yL0NBRlJGQy9XYWdvbi9wdWJsaWMvc2FtcGxlcy9wbGFjZWhvbGRlcnMvMTI4MHg5NjAuZ2lmIl0sWyJwIiwidGh1bWIiLCI0MDB4MjAwIyJdXQ/9eb61390fb906a99/1280x960.gif 304
I, [2015-12-01T15:58:18.063495 #45524]  INFO -- : DRAGONFLY: GET /steam/dynamic/W1siZmYiLCIvVXNlcnMvY2VkcmljbG9yL2NvZGUvQ2VkcmljTG9yL0NBRlJGQy9XYWdvbi9wdWJsaWMvc2FtcGxlcy9wbGFjZWhvbGRlcnMvNDUweDMzOC5wbmciXSxbInAiLCJ0aHVtYiIsIjQwMHgyMDAjIl1d/746c9771a5e4f589/450x338.png 304
I, [2015-12-01T15:58:18.066491 #45524]  INFO -- : DRAGONFLY: GET /steam/dynamic/W1siZmYiLCIvVXNlcnMvY2VkcmljbG9yL2NvZGUvQ2VkcmljTG9yL0NBRlJGQy9XYWdvbi9wdWJsaWMvc2FtcGxlcy9wbGFjZWhvbGRlcnMvNzI0eDQ1Ni5naWYiXSxbInAiLCJ0aHVtYiIsIjQwMHgyMDAjIl1d/ca470f1a968fee3f/724x456.gif 304
I, [2015-12-01T15:58:18.070663 #45524]  INFO -- : DRAGONFLY: GET /steam/dynamic/W1siZmYiLCIvVXNlcnMvY2VkcmljbG9yL2NvZGUvQ2VkcmljTG9yL0NBRlJGQy9XYWdvbi9wdWJsaWMvc2FtcGxlcy9wbGFjZWhvbGRlcnMvNjQweDQ4MC5qcGVnIl0sWyJwIiwidGh1bWIiLCI0MDB4MjAwIyJdXQ/01797ba82366c4d1/640x480.jpeg 304
I, [2015-12-01T16:28:30.739676 #45524]  INFO -- : DRAGONFLY: GET /steam/dynamic/W1siZmYiLCIvVXNlcnMvY2VkcmljbG9yL2NvZGUvQ2VkcmljTG9yL0NBRlJGQy9XYWdvbi9wdWJsaWMvc2FtcGxlcy9wbGFjZWhvbGRlcnMvNjQweDQ4MC5wbmciXSxbInAiLCJ0aHVtYiIsIjQwMHgyMDAjIl1d/e17b4e800657556c/640x480.png 304
I, [2015-12-01T16:28:30.743064 #45524]  INFO -- : DRAGONFLY: GET /steam/dynamic/W1siZmYiLCIvVXNlcnMvY2VkcmljbG9yL2NvZGUvQ2VkcmljTG9yL0NBRlJGQy9XYWdvbi9wdWJsaWMvc2FtcGxlcy9wbGFjZWhvbGRlcnMvMTAyNHg3NjgucG5nIl0sWyJwIiwidGh1bWIiLCI0MDB4MjAwIyJdXQ/b2881a6bc72a13da/1024x768.png 304
I, [2015-12-01T16:28:30.747416 #45524]  INFO -- : DRAGONFLY: GET /steam/dynamic/W1siZmYiLCIvVXNlcnMvY2VkcmljbG9yL2NvZGUvQ2VkcmljTG9yL0NBRlJGQy9XYWdvbi9wdWJsaWMvc2FtcGxlcy9wbGFjZWhvbGRlcnMvMTAyNHg3NjguanBlZyJdLFsicCIsInRodW1iIiwiNDAweDIwMCMiXV0/ce6ca05ed27f38c3/1024x768.jpeg 304
I, [2015-12-01T16:28:30.750754 #45524]  INFO -- : DRAGONFLY: GET /steam/dynamic/W1siZmYiLCIvVXNlcnMvY2VkcmljbG9yL2NvZGUvQ2VkcmljTG9yL0NBRlJGQy9XYWdvbi9wdWJsaWMvc2FtcGxlcy9wbGFjZWhvbGRlcnMvNzI0eDQ1Ni5qcGciXSxbInAiLCJ0aHVtYiIsIjQwMHgyMDAjIl1d/855da91793e94864/724x456.jpg 304
I, [2015-12-01T16:28:30.753526 #45524]  INFO -- : DRAGONFLY: GET /steam/dynamic/W1siZmYiLCIvVXNlcnMvY2VkcmljbG9yL2NvZGUvQ2VkcmljTG9yL0NBRlJGQy9XYWdvbi9wdWJsaWMvc2FtcGxlcy9wbGFjZWhvbGRlcnMvNzI0eDQ1Ni5qcGVnIl0sWyJwIiwidGh1bWIiLCI0MDB4MjAwIyJdXQ/e3bf329904cd32be/724x456.jpeg 304
I, [2015-12-01T16:28:30.760483 #45524]  INFO -- : DRAGONFLY: GET /steam/dynamic/W1siZmYiLCIvVXNlcnMvY2VkcmljbG9yL2NvZGUvQ2VkcmljTG9yL0NBRlJGQy9XYWdvbi9wdWJsaWMvc2FtcGxlcy9wbGFjZWhvbGRlcnMvMTI4MHg5NjAuanBlZyJdLFsicCIsInRodW1iIiwiNDAweDIwMCMiXV0/66a6026d7f51a904/1280x960.jpeg 304
I, [2015-12-01T16:28:30.771244 #45524]  INFO -- : DRAGONFLY: GET /steam/dynamic/W1siZmYiLCIvVXNlcnMvY2VkcmljbG9yL2NvZGUvQ2VkcmljTG9yL0NBRlJGQy9XYWdvbi9wdWJsaWMvc2FtcGxlcy9wbGFjZWhvbGRlcnMvODAweDQ1MC5qcGciXSxbInAiLCJ0aHVtYiIsIjQwMHgyMDAjIl1d/3183d44c47540279/800x450.jpg 304
I, [2015-12-01T16:28:30.775143 #45524]  INFO -- : DRAGONFLY: GET /steam/dynamic/W1siZmYiLCIvVXNlcnMvY2VkcmljbG9yL2NvZGUvQ2VkcmljTG9yL0NBRlJGQy9XYWdvbi9wdWJsaWMvc2FtcGxlcy9wbGFjZWhvbGRlcnMvMTUzNngxMTgwLmpwZyJdLFsicCIsInRodW1iIiwiNDAweDIwMCMiXV0/0f346bea9b2dc91c/1536x1180.jpg 304
I, [2015-12-01T16:28:30.780538 #45524]  INFO -- : DRAGONFLY: GET /steam/dynamic/W1siZmYiLCIvVXNlcnMvY2VkcmljbG9yL2NvZGUvQ2VkcmljTG9yL0NBRlJGQy9XYWdvbi9wdWJsaWMvc2FtcGxlcy9wbGFjZWhvbGRlcnMvODAweDQ1MC5naWYiXSxbInAiLCJ0aHVtYiIsIjQwMHgyMDAjIl1d/1afaa7bab5b8e0f0/800x450.gif 304
I, [2015-12-01T16:28:30.783478 #45524]  INFO -- : DRAGONFLY: GET /steam/dynamic/W1siZmYiLCIvVXNlcnMvY2VkcmljbG9yL2NvZGUvQ2VkcmljTG9yL0NBRlJGQy9XYWdvbi9wdWJsaWMvc2FtcGxlcy9wbGFjZWhvbGRlcnMvODAweDYwMC5qcGciXSxbInAiLCJ0aHVtYiIsIjQwMHgyMDAjIl1d/289af73f466e91ea/800x600.jpg 304
I, [2015-12-01T16:28:30.787093 #45524]  INFO -- : DRAGONFLY: GET /steam/dynamic/W1siZmYiLCIvVXNlcnMvY2VkcmljbG9yL2NvZGUvQ2VkcmljTG9yL0NBRlJGQy9XYWdvbi9wdWJsaWMvc2FtcGxlcy9wbGFjZWhvbGRlcnMvNzI0eDQ1Ni5wbmciXSxbInAiLCJ0aHVtYiIsIjQwMHgyMDAjIl1d/7d308d7525d0a0ae/724x456.png 304
I, [2015-12-01T16:28:30.791986 #45524]  INFO -- : DRAGONFLY: GET /steam/dynamic/W1siZmYiLCIvVXNlcnMvY2VkcmljbG9yL2NvZGUvQ2VkcmljTG9yL0NBRlJGQy9XYWdvbi9wdWJsaWMvc2FtcGxlcy9wbGFjZWhvbGRlcnMvODAweDYwMC5wbmciXSxbInAiLCJ0aHVtYiIsIjQwMHgyMDAjIl1d/146d48bda67c96cd/800x600.png 304
I, [2015-12-01T16:28:30.796587 #45524]  INFO -- : DRAGONFLY: GET /steam/dynamic/W1siZmYiLCIvVXNlcnMvY2VkcmljbG9yL2NvZGUvQ2VkcmljTG9yL0NBRlJGQy9XYWdvbi9wdWJsaWMvc2FtcGxlcy9wbGFjZWhvbGRlcnMvNDUweDMzOC5wbmciXSxbInAiLCJ0aHVtYiIsIjQwMHgyMDAjIl1d/746c9771a5e4f589/450x338.png 304
I, [2015-12-01T16:28:30.802104 #45524]  INFO -- : DRAGONFLY: GET /steam/dynamic/W1siZmYiLCIvVXNlcnMvY2VkcmljbG9yL2NvZGUvQ2VkcmljTG9yL0NBRlJGQy9XYWdvbi9wdWJsaWMvc2FtcGxlcy9wbGFjZWhvbGRlcnMvNjQweDQ4MC5qcGVnIl0sWyJwIiwidGh1bWIiLCI0MDB4MjAwIyJdXQ/01797ba82366c4d1/640x480.jpeg 304
I, [2015-12-01T16:28:30.807406 #45524]  INFO -- : DRAGONFLY: GET /steam/dynamic/W1siZmYiLCIvVXNlcnMvY2VkcmljbG9yL2NvZGUvQ2VkcmljTG9yL0NBRlJGQy9XYWdvbi9wdWJsaWMvc2FtcGxlcy9wbGFjZWhvbGRlcnMvMTI4MHg5NjAuZ2lmIl0sWyJwIiwidGh1bWIiLCI0MDB4MjAwIyJdXQ/9eb61390fb906a99/1280x960.gif 304
I, [2015-12-01T16:28:30.811951 #45524]  INFO -- : DRAGONFLY: GET /steam/dynamic/W1siZmYiLCIvVXNlcnMvY2VkcmljbG9yL2NvZGUvQ2VkcmljTG9yL0NBRlJGQy9XYWdvbi9wdWJsaWMvc2FtcGxlcy9wbGFjZWhvbGRlcnMvNzI0eDQ1Ni5naWYiXSxbInAiLCJ0aHVtYiIsIjQwMHgyMDAjIl1d/ca470f1a968fee3f/724x456.gif 304
I, [2015-12-01T17:03:39.523009 #45524]  INFO -- : DRAGONFLY: GET /steam/dynamic/W1siZmYiLCIvVXNlcnMvY2VkcmljbG9yL2NvZGUvQ2VkcmljTG9yL0NBRlJGQy9XYWdvbi9wdWJsaWMvc2FtcGxlcy9wbGFjZWhvbGRlcnMvNjQweDQ4MC5wbmciXSxbInAiLCJ0aHVtYiIsIjQwMHgyMDAjIl1d/e17b4e800657556c/640x480.png 304
I, [2015-12-01T17:03:39.536132 #45524]  INFO -- : DRAGONFLY: GET /steam/dynamic/W1siZmYiLCIvVXNlcnMvY2VkcmljbG9yL2NvZGUvQ2VkcmljTG9yL0NBRlJGQy9XYWdvbi9wdWJsaWMvc2FtcGxlcy9wbGFjZWhvbGRlcnMvMTAyNHg3NjguanBlZyJdLFsicCIsInRodW1iIiwiNDAweDIwMCMiXV0/ce6ca05ed27f38c3/1024x768.jpeg 304
I, [2015-12-01T17:03:39.542708 #45524]  INFO -- : DRAGONFLY: GET /steam/dynamic/W1siZmYiLCIvVXNlcnMvY2VkcmljbG9yL2NvZGUvQ2VkcmljTG9yL0NBRlJGQy9XYWdvbi9wdWJsaWMvc2FtcGxlcy9wbGFjZWhvbGRlcnMvODAweDYwMC5qcGciXSxbInAiLCJ0aHVtYiIsIjQwMHgyMDAjIl1d/289af73f466e91ea/800x600.jpg 304
I, [2015-12-01T17:03:39.547630 #45524]  INFO -- : DRAGONFLY: GET /steam/dynamic/W1siZmYiLCIvVXNlcnMvY2VkcmljbG9yL2NvZGUvQ2VkcmljTG9yL0NBRlJGQy9XYWdvbi9wdWJsaWMvc2FtcGxlcy9wbGFjZWhvbGRlcnMvNzI0eDQ1Ni5qcGciXSxbInAiLCJ0aHVtYiIsIjQwMHgyMDAjIl1d/855da91793e94864/724x456.jpg 304
I, [2015-12-01T17:03:39.556938 #45524]  INFO -- : DRAGONFLY: GET /steam/dynamic/W1siZmYiLCIvVXNlcnMvY2VkcmljbG9yL2NvZGUvQ2VkcmljTG9yL0NBRlJGQy9XYWdvbi9wdWJsaWMvc2FtcGxlcy9wbGFjZWhvbGRlcnMvNzI0eDQ1Ni5qcGVnIl0sWyJwIiwidGh1bWIiLCI0MDB4MjAwIyJdXQ/e3bf329904cd32be/724x456.jpeg 304
I, [2015-12-01T17:03:39.557315 #45524]  INFO -- : DRAGONFLY: GET /steam/dynamic/W1siZmYiLCIvVXNlcnMvY2VkcmljbG9yL2NvZGUvQ2VkcmljTG9yL0NBRlJGQy9XYWdvbi9wdWJsaWMvc2FtcGxlcy9wbGFjZWhvbGRlcnMvMTAyNHg3NjgucG5nIl0sWyJwIiwidGh1bWIiLCI0MDB4MjAwIyJdXQ/b2881a6bc72a13da/1024x768.png 304
I, [2015-12-01T17:03:39.570244 #45524]  INFO -- : DRAGONFLY: GET /steam/dynamic/W1siZmYiLCIvVXNlcnMvY2VkcmljbG9yL2NvZGUvQ2VkcmljTG9yL0NBRlJGQy9XYWdvbi9wdWJsaWMvc2FtcGxlcy9wbGFjZWhvbGRlcnMvMTI4MHg5NjAuanBlZyJdLFsicCIsInRodW1iIiwiNDAweDIwMCMiXV0/66a6026d7f51a904/1280x960.jpeg 304
I, [2015-12-01T17:03:39.595599 #45524]  INFO -- : DRAGONFLY: GET /steam/dynamic/W1siZmYiLCIvVXNlcnMvY2VkcmljbG9yL2NvZGUvQ2VkcmljTG9yL0NBRlJGQy9XYWdvbi9wdWJsaWMvc2FtcGxlcy9wbGFjZWhvbGRlcnMvODAweDQ1MC5qcGciXSxbInAiLCJ0aHVtYiIsIjQwMHgyMDAjIl1d/3183d44c47540279/800x450.jpg 304
I, [2015-12-01T17:03:39.598600 #45524]  INFO -- : DRAGONFLY: GET /steam/dynamic/W1siZmYiLCIvVXNlcnMvY2VkcmljbG9yL2NvZGUvQ2VkcmljTG9yL0NBRlJGQy9XYWdvbi9wdWJsaWMvc2FtcGxlcy9wbGFjZWhvbGRlcnMvMTUzNngxMTgwLmpwZyJdLFsicCIsInRodW1iIiwiNDAweDIwMCMiXV0/0f346bea9b2dc91c/1536x1180.jpg 304
I, [2015-12-01T17:03:39.601438 #45524]  INFO -- : DRAGONFLY: GET /steam/dynamic/W1siZmYiLCIvVXNlcnMvY2VkcmljbG9yL2NvZGUvQ2VkcmljTG9yL0NBRlJGQy9XYWdvbi9wdWJsaWMvc2FtcGxlcy9wbGFjZWhvbGRlcnMvNDUweDMzOC5wbmciXSxbInAiLCJ0aHVtYiIsIjQwMHgyMDAjIl1d/746c9771a5e4f589/450x338.png 304
I, [2015-12-01T17:03:39.604082 #45524]  INFO -- : DRAGONFLY: GET /steam/dynamic/W1siZmYiLCIvVXNlcnMvY2VkcmljbG9yL2NvZGUvQ2VkcmljTG9yL0NBRlJGQy9XYWdvbi9wdWJsaWMvc2FtcGxlcy9wbGFjZWhvbGRlcnMvODAweDYwMC5wbmciXSxbInAiLCJ0aHVtYiIsIjQwMHgyMDAjIl1d/146d48bda67c96cd/800x600.png 304
I, [2015-12-01T17:03:39.607179 #45524]  INFO -- : DRAGONFLY: GET /steam/dynamic/W1siZmYiLCIvVXNlcnMvY2VkcmljbG9yL2NvZGUvQ2VkcmljTG9yL0NBRlJGQy9XYWdvbi9wdWJsaWMvc2FtcGxlcy9wbGFjZWhvbGRlcnMvODAweDQ1MC5naWYiXSxbInAiLCJ0aHVtYiIsIjQwMHgyMDAjIl1d/1afaa7bab5b8e0f0/800x450.gif 304
I, [2015-12-01T17:03:39.609810 #45524]  INFO -- : DRAGONFLY: GET /steam/dynamic/W1siZmYiLCIvVXNlcnMvY2VkcmljbG9yL2NvZGUvQ2VkcmljTG9yL0NBRlJGQy9XYWdvbi9wdWJsaWMvc2FtcGxlcy9wbGFjZWhvbGRlcnMvNzI0eDQ1Ni5wbmciXSxbInAiLCJ0aHVtYiIsIjQwMHgyMDAjIl1d/7d308d7525d0a0ae/724x456.png 304
I, [2015-12-01T17:03:39.626634 #45524]  INFO -- : DRAGONFLY: GET /steam/dynamic/W1siZmYiLCIvVXNlcnMvY2VkcmljbG9yL2NvZGUvQ2VkcmljTG9yL0NBRlJGQy9XYWdvbi9wdWJsaWMvc2FtcGxlcy9wbGFjZWhvbGRlcnMvMTI4MHg5NjAuZ2lmIl0sWyJwIiwidGh1bWIiLCI0MDB4MjAwIyJdXQ/9eb61390fb906a99/1280x960.gif 304
I, [2015-12-01T17:03:39.629721 #45524]  INFO -- : DRAGONFLY: GET /steam/dynamic/W1siZmYiLCIvVXNlcnMvY2VkcmljbG9yL2NvZGUvQ2VkcmljTG9yL0NBRlJGQy9XYWdvbi9wdWJsaWMvc2FtcGxlcy9wbGFjZWhvbGRlcnMvNjQweDQ4MC5qcGVnIl0sWyJwIiwidGh1bWIiLCI0MDB4MjAwIyJdXQ/01797ba82366c4d1/640x480.jpeg 304
I, [2015-12-01T17:03:39.633187 #45524]  INFO -- : DRAGONFLY: GET /steam/dynamic/W1siZmYiLCIvVXNlcnMvY2VkcmljbG9yL2NvZGUvQ2VkcmljTG9yL0NBRlJGQy9XYWdvbi9wdWJsaWMvc2FtcGxlcy9wbGFjZWhvbGRlcnMvNzI0eDQ1Ni5naWYiXSxbInAiLCJ0aHVtYiIsIjQwMHgyMDAjIl1d/ca470f1a968fee3f/724x456.gif 304
I, [2015-12-02T03:21:57.887798 #53753]  INFO -- : DRAGONFLY: GET /steam/dynamic/W1siZmYiLCIvVXNlcnMvY2VkcmljbG9yL2NvZGUvQ2VkcmljTG9yL0NBRlJGQy9XYWdvbi9wdWJsaWMvaW1hZ2VzL3NhaW50X3BldGVyc2J1cmdoX2VybWl0YWdlLmpwZyJdLFsicCIsInRodW1iIiwiODAweFx1MDAzZSJdXQ/c049a0853160e995/saint_petersburgh_ermitage.jpg 304
D, [2015-12-02T03:50:49.781415 #53753] DEBUG -- : DRAGONFLY: shell command: '/usr/local/bin/convert' '/Users/cedriclor/code/CedricLor/CAFRFC/Wagon/public/samples/placeholders/1024x768.jpeg' '-resize' '400x200^^' '-gravity' 'Center' '-crop' '400x200+0+0' '+repage' '/var/folders/2b/34sqn8dj6_j2bwzf371n7kfm0000gn/T/dragonfly20151202-53753-kqpsn4.jpeg'
D, [2015-12-02T03:50:49.781659 #53753] DEBUG -- : DRAGONFLY: shell command: '/usr/local/bin/convert' '/Users/cedriclor/code/CedricLor/CAFRFC/Wagon/public/samples/placeholders/640x480.png' '-resize' '400x200^^' '-gravity' 'Center' '-crop' '400x200+0+0' '+repage' '/var/folders/2b/34sqn8dj6_j2bwzf371n7kfm0000gn/T/dragonfly20151202-53753-1r1vso8.png'
D, [2015-12-02T03:50:49.813387 #53753] DEBUG -- : DRAGONFLY: shell command: '/usr/local/bin/convert' '/Users/cedriclor/code/CedricLor/CAFRFC/Wagon/public/samples/placeholders/800x600.jpg' '-resize' '400x200^^' '-gravity' 'Center' '-crop' '400x200+0+0' '+repage' '/var/folders/2b/34sqn8dj6_j2bwzf371n7kfm0000gn/T/dragonfly20151202-53753-1wecljo.jpg'
D, [2015-12-02T03:50:49.830099 #53753] DEBUG -- : DRAGONFLY: shell command: '/usr/local/bin/convert' '/Users/cedriclor/code/CedricLor/CAFRFC/Wagon/public/samples/placeholders/724x456.jpg' '-resize' '400x200^^' '-gravity' 'Center' '-crop' '400x200+0+0' '+repage' '/var/folders/2b/34sqn8dj6_j2bwzf371n7kfm0000gn/T/dragonfly20151202-53753-1uz0bho.jpg'
D, [2015-12-02T03:50:49.844362 #53753] DEBUG -- : DRAGONFLY: shell command: '/usr/local/bin/convert' '/Users/cedriclor/code/CedricLor/CAFRFC/Wagon/public/samples/placeholders/1024x768.png' '-resize' '400x200^^' '-gravity' 'Center' '-crop' '400x200+0+0' '+repage' '/var/folders/2b/34sqn8dj6_j2bwzf371n7kfm0000gn/T/dragonfly20151202-53753-19h1q6l.png'
D, [2015-12-02T03:50:49.854369 #53753] DEBUG -- : DRAGONFLY: shell command: '/usr/local/bin/convert' '/Users/cedriclor/code/CedricLor/CAFRFC/Wagon/public/samples/placeholders/724x456.jpeg' '-resize' '400x200^^' '-gravity' 'Center' '-crop' '400x200+0+0' '+repage' '/var/folders/2b/34sqn8dj6_j2bwzf371n7kfm0000gn/T/dragonfly20151202-53753-1x0lu5c.jpeg'
I, [2015-12-02T03:50:50.065794 #53753]  INFO -- : DRAGONFLY: GET /steam/dynamic/W1siZmYiLCIvVXNlcnMvY2VkcmljbG9yL2NvZGUvQ2VkcmljTG9yL0NBRlJGQy9XYWdvbi9wdWJsaWMvc2FtcGxlcy9wbGFjZWhvbGRlcnMvNjQweDQ4MC5wbmciXSxbInAiLCJ0aHVtYiIsIjQwMHgyMDAjIl1d/e17b4e800657556c/640x480.png 200
D, [2015-12-02T03:50:50.079578 #53753] DEBUG -- : DRAGONFLY: shell command: '/usr/local/bin/convert' '/Users/cedriclor/code/CedricLor/CAFRFC/Wagon/public/samples/placeholders/1280x960.jpeg' '-resize' '400x200^^' '-gravity' 'Center' '-crop' '400x200+0+0' '+repage' '/var/folders/2b/34sqn8dj6_j2bwzf371n7kfm0000gn/T/dragonfly20151202-53753-wb0iu8.jpeg'
I, [2015-12-02T03:50:50.154056 #53753]  INFO -- : DRAGONFLY: GET /steam/dynamic/W1siZmYiLCIvVXNlcnMvY2VkcmljbG9yL2NvZGUvQ2VkcmljTG9yL0NBRlJGQy9XYWdvbi9wdWJsaWMvc2FtcGxlcy9wbGFjZWhvbGRlcnMvNzI0eDQ1Ni5qcGciXSxbInAiLCJ0aHVtYiIsIjQwMHgyMDAjIl1d/855da91793e94864/724x456.jpg 200
D, [2015-12-02T03:50:50.164508 #53753] DEBUG -- : DRAGONFLY: shell command: '/usr/local/bin/convert' '/Users/cedriclor/code/CedricLor/CAFRFC/Wagon/public/samples/placeholders/1536x1180.jpg' '-resize' '400x200^^' '-gravity' 'Center' '-crop' '400x200+0+0' '+repage' '/var/folders/2b/34sqn8dj6_j2bwzf371n7kfm0000gn/T/dragonfly20151202-53753-ldv8ql.jpg'
I, [2015-12-02T03:50:50.193865 #53753]  INFO -- : DRAGONFLY: GET /steam/dynamic/W1siZmYiLCIvVXNlcnMvY2VkcmljbG9yL2NvZGUvQ2VkcmljTG9yL0NBRlJGQy9XYWdvbi9wdWJsaWMvc2FtcGxlcy9wbGFjZWhvbGRlcnMvNzI0eDQ1Ni5qcGVnIl0sWyJwIiwidGh1bWIiLCI0MDB4MjAwIyJdXQ/e3bf329904cd32be/724x456.jpeg 200
D, [2015-12-02T03:50:50.204018 #53753] DEBUG -- : DRAGONFLY: shell command: '/usr/local/bin/convert' '/Users/cedriclor/code/CedricLor/CAFRFC/Wagon/public/samples/placeholders/800x450.jpg' '-resize' '400x200^^' '-gravity' 'Center' '-crop' '400x200+0+0' '+repage' '/var/folders/2b/34sqn8dj6_j2bwzf371n7kfm0000gn/T/dragonfly20151202-53753-skfig8.jpg'
I, [2015-12-02T03:50:50.308110 #53753]  INFO -- : DRAGONFLY: GET /steam/dynamic/W1siZmYiLCIvVXNlcnMvY2VkcmljbG9yL2NvZGUvQ2VkcmljTG9yL0NBRlJGQy9XYWdvbi9wdWJsaWMvc2FtcGxlcy9wbGFjZWhvbGRlcnMvODAweDYwMC5qcGciXSxbInAiLCJ0aHVtYiIsIjQwMHgyMDAjIl1d/289af73f466e91ea/800x600.jpg 200
D, [2015-12-02T03:50:50.331346 #53753] DEBUG -- : DRAGONFLY: shell command: '/usr/local/bin/convert' '/Users/cedriclor/code/CedricLor/CAFRFC/Wagon/public/samples/placeholders/800x450.gif' '-resize' '400x200^^' '-gravity' 'Center' '-crop' '400x200+0+0' '+repage' '/var/folders/2b/34sqn8dj6_j2bwzf371n7kfm0000gn/T/dragonfly20151202-53753-ml0ew.gif'
I, [2015-12-02T03:50:50.414632 #53753]  INFO -- : DRAGONFLY: GET /steam/dynamic/W1siZmYiLCIvVXNlcnMvY2VkcmljbG9yL2NvZGUvQ2VkcmljTG9yL0NBRlJGQy9XYWdvbi9wdWJsaWMvc2FtcGxlcy9wbGFjZWhvbGRlcnMvMTAyNHg3NjgucG5nIl0sWyJwIiwidGh1bWIiLCI0MDB4MjAwIyJdXQ/b2881a6bc72a13da/1024x768.png 200
D, [2015-12-02T03:50:50.427861 #53753] DEBUG -- : DRAGONFLY: shell command: '/usr/local/bin/convert' '/Users/cedriclor/code/CedricLor/CAFRFC/Wagon/public/samples/placeholders/800x600.png' '-resize' '400x200^^' '-gravity' 'Center' '-crop' '400x200+0+0' '+repage' '/var/folders/2b/34sqn8dj6_j2bwzf371n7kfm0000gn/T/dragonfly20151202-53753-n0kvui.png'
I, [2015-12-02T03:50:50.542633 #53753]  INFO -- : DRAGONFLY: GET /steam/dynamic/W1siZmYiLCIvVXNlcnMvY2VkcmljbG9yL2NvZGUvQ2VkcmljTG9yL0NBRlJGQy9XYWdvbi9wdWJsaWMvc2FtcGxlcy9wbGFjZWhvbGRlcnMvODAweDQ1MC5naWYiXSxbInAiLCJ0aHVtYiIsIjQwMHgyMDAjIl1d/1afaa7bab5b8e0f0/800x450.gif 200
D, [2015-12-02T03:50:50.553456 #53753] DEBUG -- : DRAGONFLY: shell command: '/usr/local/bin/convert' '/Users/cedriclor/code/CedricLor/CAFRFC/Wagon/public/samples/placeholders/724x456.png' '-resize' '400x200^^' '-gravity' 'Center' '-crop' '400x200+0+0' '+repage' '/var/folders/2b/34sqn8dj6_j2bwzf371n7kfm0000gn/T/dragonfly20151202-53753-1trgw6t.png'
I, [2015-12-02T03:50:50.560995 #53753]  INFO -- : DRAGONFLY: GET /steam/dynamic/W1siZmYiLCIvVXNlcnMvY2VkcmljbG9yL2NvZGUvQ2VkcmljTG9yL0NBRlJGQy9XYWdvbi9wdWJsaWMvc2FtcGxlcy9wbGFjZWhvbGRlcnMvODAweDQ1MC5qcGciXSxbInAiLCJ0aHVtYiIsIjQwMHgyMDAjIl1d/3183d44c47540279/800x450.jpg 200
D, [2015-12-02T03:50:50.572151 #53753] DEBUG -- : DRAGONFLY: shell command: '/usr/local/bin/convert' '/Users/cedriclor/code/CedricLor/CAFRFC/Wagon/public/samples/placeholders/450x338.png' '-resize' '400x200^^' '-gravity' 'Center' '-crop' '400x200+0+0' '+repage' '/var/folders/2b/34sqn8dj6_j2bwzf371n7kfm0000gn/T/dragonfly20151202-53753-14zzevs.png'
I, [2015-12-02T03:50:50.664662 #53753]  INFO -- : DRAGONFLY: GET /steam/dynamic/W1siZmYiLCIvVXNlcnMvY2VkcmljbG9yL2NvZGUvQ2VkcmljTG9yL0NBRlJGQy9XYWdvbi9wdWJsaWMvc2FtcGxlcy9wbGFjZWhvbGRlcnMvNzI0eDQ1Ni5wbmciXSxbInAiLCJ0aHVtYiIsIjQwMHgyMDAjIl1d/7d308d7525d0a0ae/724x456.png 200
I, [2015-12-02T03:50:50.674045 #53753]  INFO -- : DRAGONFLY: GET /steam/dynamic/W1siZmYiLCIvVXNlcnMvY2VkcmljbG9yL2NvZGUvQ2VkcmljTG9yL0NBRlJGQy9XYWdvbi9wdWJsaWMvc2FtcGxlcy9wbGFjZWhvbGRlcnMvODAweDYwMC5wbmciXSxbInAiLCJ0aHVtYiIsIjQwMHgyMDAjIl1d/146d48bda67c96cd/800x600.png 200
D, [2015-12-02T03:50:50.680117 #53753] DEBUG -- : DRAGONFLY: shell command: '/usr/local/bin/convert' '/Users/cedriclor/code/CedricLor/CAFRFC/Wagon/public/samples/placeholders/640x480.jpeg' '-resize' '400x200^^' '-gravity' 'Center' '-crop' '400x200+0+0' '+repage' '/var/folders/2b/34sqn8dj6_j2bwzf371n7kfm0000gn/T/dragonfly20151202-53753-neee48.jpeg'
D, [2015-12-02T03:50:50.692957 #53753] DEBUG -- : DRAGONFLY: shell command: '/usr/local/bin/convert' '/Users/cedriclor/code/CedricLor/CAFRFC/Wagon/public/samples/placeholders/1280x960.gif' '-resize' '400x200^^' '-gravity' 'Center' '-crop' '400x200+0+0' '+repage' '/var/folders/2b/34sqn8dj6_j2bwzf371n7kfm0000gn/T/dragonfly20151202-53753-1d35ed5.gif'
I, [2015-12-02T03:50:50.768348 #53753]  INFO -- : DRAGONFLY: GET /steam/dynamic/W1siZmYiLCIvVXNlcnMvY2VkcmljbG9yL2NvZGUvQ2VkcmljTG9yL0NBRlJGQy9XYWdvbi9wdWJsaWMvc2FtcGxlcy9wbGFjZWhvbGRlcnMvNDUweDMzOC5wbmciXSxbInAiLCJ0aHVtYiIsIjQwMHgyMDAjIl1d/746c9771a5e4f589/450x338.png 200
I, [2015-12-02T03:50:50.784055 #53753]  INFO -- : DRAGONFLY: GET /steam/dynamic/W1siZmYiLCIvVXNlcnMvY2VkcmljbG9yL2NvZGUvQ2VkcmljTG9yL0NBRlJGQy9XYWdvbi9wdWJsaWMvc2FtcGxlcy9wbGFjZWhvbGRlcnMvMTAyNHg3NjguanBlZyJdLFsicCIsInRodW1iIiwiNDAweDIwMCMiXV0/ce6ca05ed27f38c3/1024x768.jpeg 200
D, [2015-12-02T03:50:50.790446 #53753] DEBUG -- : DRAGONFLY: shell command: '/usr/local/bin/convert' '/Users/cedriclor/code/CedricLor/CAFRFC/Wagon/public/samples/placeholders/724x456.gif' '-resize' '400x200^^' '-gravity' 'Center' '-crop' '400x200+0+0' '+repage' '/var/folders/2b/34sqn8dj6_j2bwzf371n7kfm0000gn/T/dragonfly20151202-53753-19wz7lf.gif'
I, [2015-12-02T03:50:50.935657 #53753]  INFO -- : DRAGONFLY: GET /steam/dynamic/W1siZmYiLCIvVXNlcnMvY2VkcmljbG9yL2NvZGUvQ2VkcmljTG9yL0NBRlJGQy9XYWdvbi9wdWJsaWMvc2FtcGxlcy9wbGFjZWhvbGRlcnMvNjQweDQ4MC5qcGVnIl0sWyJwIiwidGh1bWIiLCI0MDB4MjAwIyJdXQ/01797ba82366c4d1/640x480.jpeg 200
I, [2015-12-02T03:50:50.975064 #53753]  INFO -- : DRAGONFLY: GET /steam/dynamic/W1siZmYiLCIvVXNlcnMvY2VkcmljbG9yL2NvZGUvQ2VkcmljTG9yL0NBRlJGQy9XYWdvbi9wdWJsaWMvc2FtcGxlcy9wbGFjZWhvbGRlcnMvNzI0eDQ1Ni5naWYiXSxbInAiLCJ0aHVtYiIsIjQwMHgyMDAjIl1d/ca470f1a968fee3f/724x456.gif 200
I, [2015-12-02T03:50:51.030847 #53753]  INFO -- : DRAGONFLY: GET /steam/dynamic/W1siZmYiLCIvVXNlcnMvY2VkcmljbG9yL2NvZGUvQ2VkcmljTG9yL0NBRlJGQy9XYWdvbi9wdWJsaWMvc2FtcGxlcy9wbGFjZWhvbGRlcnMvMTI4MHg5NjAuanBlZyJdLFsicCIsInRodW1iIiwiNDAweDIwMCMiXV0/66a6026d7f51a904/1280x960.jpeg 200
I, [2015-12-02T03:50:51.092392 #53753]  INFO -- : DRAGONFLY: GET /steam/dynamic/W1siZmYiLCIvVXNlcnMvY2VkcmljbG9yL2NvZGUvQ2VkcmljTG9yL0NBRlJGQy9XYWdvbi9wdWJsaWMvc2FtcGxlcy9wbGFjZWhvbGRlcnMvMTI4MHg5NjAuZ2lmIl0sWyJwIiwidGh1bWIiLCI0MDB4MjAwIyJdXQ/9eb61390fb906a99/1280x960.gif 200
I, [2015-12-02T03:50:51.351158 #53753]  INFO -- : DRAGONFLY: GET /steam/dynamic/W1siZmYiLCIvVXNlcnMvY2VkcmljbG9yL2NvZGUvQ2VkcmljTG9yL0NBRlJGQy9XYWdvbi9wdWJsaWMvc2FtcGxlcy9wbGFjZWhvbGRlcnMvMTUzNngxMTgwLmpwZyJdLFsicCIsInRodW1iIiwiNDAweDIwMCMiXV0/0f346bea9b2dc91c/1536x1180.jpg 200
